<?xml version="1.0" encoding="UTF-8"?>
<!-- Generated by org.testng.reporters.JUnitXMLReporter -->
<testsuite ignored="0" hostname="DESKTOP-SKRGRIP" failures="0" tests="14" name="Functional_Test" time="31.274" errors="0" timestamp="2025-02-14T10:57:40 IST">
  <testcase classname="Home_Page_Menu.Services_DigitalMarketingMenu" name="Performance_Marketing_services_SubMenu" time="1.012"/>
  <testcase classname="Home_Page_Menu.Services_DigitalMarketingMenu" name="SaaS_Marketing_SubMenu" time="2.493"/>
  <testcase classname="Home_Page_Menu.Services_DigitalMarketingMenu" name="ICO_Marketing_SubMenu" time="1.099"/>
  <testcase classname="Home_Page_Menu.Services_DigitalMarketingMenu" name="Influencer_Marketing_Services_SubMenu" time="0.835"/>
  <testcase classname="Home_Page_Menu.Services_DigitalMarketingMenu" name="Search_Engine_Optimization_SubMenu" time="1.358"/>
  <testcase classname="Home_Page_Menu.Services_DigitalMarketingMenu" name="PPC_Management_and_Strategy_SubMenu" time="0.763"/>
  <testcase classname="Home_Page_Menu.Services_DigitalMarketingMenu" name="Social_Media_Management_and_Strategy_SubMenu" time="0.745"/>
  <testcase classname="Home_Page_Menu.Services_DigitalMarketingMenu" name="Conversion_Rate_Optimization_Services_SubMenu" time="0.711"/>
  <testcase classname="Home_Page_Menu.Services_DigitalMarketingMenu" name="Multilingual_SEO_SubMenu" time="0.746"/>
  <testcase classname="Home_Page_Menu.Services_DigitalMarketingMenu" name="Google_Search_Optimization_SubMenu" time="0.711"/>
  <testcase classname="Home_Page_Menu.Services_DigitalMarketingMenu" name="Google_Grants_SubMenu" time="0.775"/>
  <testcase classname="Home_Page_Menu.Services_DigitalMarketingMenu" name="Inbound_marketing_services_SubMenu" time="0.726"/>
  <testcase classname="Home_Page_Menu.Services_DigitalMarketingMenu" name="DV360_Traffic_Management_Services_SubMenu" time="0.738"/>
  <testcase classname="Home_Page_Menu.Services_DigitalMarketingMenu" name="Account_Based_Marketing_Services_SubMenu" time="0.829"/>
</testsuite> <!-- Functional_Test -->
