<?xml version="1.0" encoding="UTF-8"?>
<!-- Generated by org.testng.reporters.JUnitXMLReporter -->
<testsuite ignored="0" hostname="DESKTOP-SKRGRIP" failures="0" tests="14" name="Functional_Test" time="34.362" errors="0" timestamp="2025-05-07T10:17:04 IST">
  <testcase classname="Home_Page_Menu.Services_DigitalMarketingMenu" name="Performance_Marketing_services_SubMenu" time="0.883"/>
  <testcase classname="Home_Page_Menu.Services_DigitalMarketingMenu" name="SaaS_Marketing_SubMenu" time="5.141"/>
  <testcase classname="Home_Page_Menu.Services_DigitalMarketingMenu" name="ICO_Marketing_SubMenu" time="0.736"/>
  <testcase classname="Home_Page_Menu.Services_DigitalMarketingMenu" name="Influencer_Marketing_Services_SubMenu" time="1.212"/>
  <testcase classname="Home_Page_Menu.Services_DigitalMarketingMenu" name="Search_Engine_Optimization_SubMenu" time="1.586"/>
  <testcase classname="Home_Page_Menu.Services_DigitalMarketingMenu" name="PPC_Management_and_Strategy_SubMenu" time="1.239"/>
  <testcase classname="Home_Page_Menu.Services_DigitalMarketingMenu" name="Social_Media_Management_and_Strategy_SubMenu" time="0.741"/>
  <testcase classname="Home_Page_Menu.Services_DigitalMarketingMenu" name="Conversion_Rate_Optimization_Services_SubMenu" time="1.217"/>
  <testcase classname="Home_Page_Menu.Services_DigitalMarketingMenu" name="Multilingual_SEO_SubMenu" time="0.614"/>
  <testcase classname="Home_Page_Menu.Services_DigitalMarketingMenu" name="Google_Search_Optimization_SubMenu" time="1.235"/>
  <testcase classname="Home_Page_Menu.Services_DigitalMarketingMenu" name="Google_Grants_SubMenu" time="0.658"/>
  <testcase classname="Home_Page_Menu.Services_DigitalMarketingMenu" name="Inbound_marketing_services_SubMenu" time="0.669"/>
  <testcase classname="Home_Page_Menu.Services_DigitalMarketingMenu" name="DV360_Traffic_Management_Services_SubMenu" time="0.683"/>
  <testcase classname="Home_Page_Menu.Services_DigitalMarketingMenu" name="Account_Based_Marketing_Services_SubMenu" time="0.652"/>
</testsuite> <!-- Functional_Test -->
