<?xml version="1.0" encoding="UTF-8"?>
<!-- Generated by org.testng.reporters.JUnitXMLReporter -->
<testsuite ignored="0" hostname="DESKTOP-SKRGRIP" failures="0" tests="5" name="DCI_Site_Functional_Testing" time="12.181" errors="0" timestamp="2025-05-07T10:15:59 IST">
  <testcase classname="Home_Page_Menu.Header_Resource_Submenu" name="Case_Studies_SubMenu" time="1.532"/>
  <testcase classname="Home_Page_Menu.Header_Resource_Submenu" name="White_Papers_SubMenu" time="1.358"/>
  <testcase classname="Home_Page_Menu.Header_Resource_Submenu" name="Ebooks_SubMenu" time="0.626"/>
  <testcase classname="Home_Page_Menu.Header_Resource_Submenu" name="Webinars_SubMenu" time="0.565"/>
  <testcase classname="Home_Page_Menu.Header_Resource_Submenu" name="Knowledge_Base_SubMenu" time="0.665"/>
</testsuite> <!-- DCI_Site_Functional_Testing -->
