<?xml version="1.0" encoding="UTF-8"?>
<!-- Generated by org.testng.reporters.JUnitXMLReporter -->
<testsuite ignored="0" hostname="DESKTOP-SKRGRIP" failures="0" tests="6" name="DCI_Site_Functional_Testing" time="110.229" errors="0" timestamp="2025-05-07T10:12:44 IST">
  <testcase classname="Form_Filling_Test.Forms_Validation" name="ContactForm" time="15.754"/>
  <testcase classname="Form_Filling_Test.Forms_Validation" name="GetQuoteForm" time="14.023"/>
  <testcase classname="Form_Filling_Test.Forms_Validation" name="QuickConsultationForm" time="12.817"/>
  <testcase classname="Form_Filling_Test.Forms_Validation" name="JobApplicationForm" time="30.582"/>
  <testcase classname="Form_Filling_Test.Forms_Validation" name="SendMessageForm" time="6.429"/>
  <testcase classname="Form_Filling_Test.Forms_Validation" name="Vendor_Form_Filling" time="23.601"/>
</testsuite> <!-- DCI_Site_Functional_Testing -->
