<?xml version="1.0" encoding="UTF-8"?>
<!-- Generated by org.testng.reporters.JUnitXMLReporter -->
<testsuite ignored="0" hostname="DESKTOP-SKRGRIP" failures="0" tests="6" name="DCI_Site_Functional_Testing" time="111.252" errors="0" timestamp="2025-01-08T09:44:35 IST">
  <testcase classname="Form_Filling_Test.Forms_Validation" name="ContactForm" time="14.272"/>
  <testcase classname="Form_Filling_Test.Forms_Validation" name="GetQuoteForm" time="13.806"/>
  <testcase classname="Form_Filling_Test.Forms_Validation" name="QuickConsultationForm" time="12.047"/>
  <testcase classname="Form_Filling_Test.Forms_Validation" name="JobApplicationForm" time="29.907"/>
  <testcase classname="Form_Filling_Test.Forms_Validation" name="SendMessageForm" time="12.034"/>
  <testcase classname="Form_Filling_Test.Forms_Validation" name="Vendor_Form_Filling" time="23.787"/>
</testsuite> <!-- DCI_Site_Functional_Testing -->
