<?xml version="1.0" encoding="UTF-8"?>
<!-- Generated by org.testng.reporters.JUnitXMLReporter -->
<testsuite ignored="0" hostname="DESKTOP-SKRGRIP" failures="0" tests="5" name="Functional_Test" time="13.163" errors="0" timestamp="2025-01-08T09:49:31 IST">
  <testcase classname="Home_Page_Menu.Services_HireOurDedicatedDevelopers" name="Hire_Our_Android_Developer_SubMenu" time="0.852"/>
  <testcase classname="Home_Page_Menu.Services_HireOurDedicatedDevelopers" name="Hire_Our_iOS_Developers_SubMenu" time="0.729"/>
  <testcase classname="Home_Page_Menu.Services_HireOurDedicatedDevelopers" name="Hire_Our_WordPress_Developers_SubMenu" time="0.65"/>
  <testcase classname="Home_Page_Menu.Services_HireOurDedicatedDevelopers" name="Hire_Our_PHP_Developers_SubMenu" time="3.185"/>
  <testcase classname="Home_Page_Menu.Services_HireOurDedicatedDevelopers" name="Hire_Our_DotNET_Developers_SubMenu" time="0.556"/>
</testsuite> <!-- Functional_Test -->
