<?xml version="1.0" encoding="UTF-8"?>
<!-- Generated by org.testng.reporters.JUnitXMLReporter -->
<testsuite ignored="0" hostname="DESKTOP-SKRGRIP" failures="0" tests="5" name="Functional_Test" time="13.513" errors="0" timestamp="2025-02-14T10:59:03 IST">
  <testcase classname="Home_Page_Menu.Services_HireOurDedicatedDevelopers" name="Hire_Our_Android_Developer_SubMenu" time="0.909"/>
  <testcase classname="Home_Page_Menu.Services_HireOurDedicatedDevelopers" name="Hire_Our_iOS_Developers_SubMenu" time="0.613"/>
  <testcase classname="Home_Page_Menu.Services_HireOurDedicatedDevelopers" name="Hire_Our_WordPress_Developers_SubMenu" time="0.682"/>
  <testcase classname="Home_Page_Menu.Services_HireOurDedicatedDevelopers" name="Hire_Our_PHP_Developers_SubMenu" time="1.012"/>
  <testcase classname="Home_Page_Menu.Services_HireOurDedicatedDevelopers" name="Hire_Our_DotNET_Developers_SubMenu" time="1.659"/>
</testsuite> <!-- Functional_Test -->
