<?xml version="1.0" encoding="UTF-8"?>
<!-- Generated by org.testng.reporters.JUnitXMLReporter -->
<testsuite ignored="0" hostname="DESKTOP-SKRGRIP" failures="0" tests="7" name="DCI_Site_Functional_Testing" time="17.858" errors="0" timestamp="2024-10-16T10:12:12 IST">
  <testcase classname="Home_Page_Menu.Services_MobileAppDevelopmentMenu" name="Android_App_Development_SubMenu" time="1.528"/>
  <testcase classname="Home_Page_Menu.Services_MobileAppDevelopmentMenu" name="Enterprise_Mobile_Application_Development_SubMenu" time="0.611"/>
  <testcase classname="Home_Page_Menu.Services_MobileAppDevelopmentMenu" name="Startup_App_Development_SubMenu" time="1.725"/>
  <testcase classname="Home_Page_Menu.Services_MobileAppDevelopmentMenu" name="iOS_App_Developmentt_SubMenu" time="1.337"/>
  <testcase classname="Home_Page_Menu.Services_MobileAppDevelopmentMenu" name="iPad_App_Development_SubMenu" time="1.021"/>
  <testcase classname="Home_Page_Menu.Services_MobileAppDevelopmentMenu" name="HTML5_Development_SubMenu" time="0.971"/>
  <testcase classname="Home_Page_Menu.Services_MobileAppDevelopmentMenu" name="Windows_Application_Development_SubMenu" time="1.181"/>
</testsuite> <!-- DCI_Site_Functional_Testing -->
