<?xml version="1.0" encoding="UTF-8"?>
<!-- Generated by org.testng.reporters.JUnitXMLReporter -->
<testsuite ignored="0" hostname="DESKTOP-SKRGRIP" failures="0" tests="5" name="DCI_Site_Functional_Testing" time="27.903" errors="0" timestamp="2025-01-08T09:48:08 IST">
  <testcase classname="Home_Page_Menu.Services_MobileAppDevelopmentMenu" name="Android_App_Development_SubMenu" time="0.774"/>
  <testcase classname="Home_Page_Menu.Services_MobileAppDevelopmentMenu" name="Enterprise_Mobile_Application_Development_SubMenu" time="0.673"/>
  <testcase classname="Home_Page_Menu.Services_MobileAppDevelopmentMenu" name="Startup_App_Development_SubMenu" time="17.287"/>
  <testcase classname="Home_Page_Menu.Services_MobileAppDevelopmentMenu" name="iOS_App_Developmentt_SubMenu" time="0.828"/>
  <testcase classname="Home_Page_Menu.Services_MobileAppDevelopmentMenu" name="Blockchain_Development_SubMenu" time="0.753"/>
</testsuite> <!-- DCI_Site_Functional_Testing -->
