<?xml version="1.0" encoding="UTF-8"?>
<!-- Generated by org.testng.reporters.JUnitXMLReporter -->
<testsuite ignored="0" hostname="DESKTOP-SKRGRIP" failures="2" tests="7" name="Social_Media" time="39.975" errors="0" timestamp="2024-07-01T10:42:51 IST">
  <testcase classname="Home_Page_Menu.Social_Media_Icons_Footer" name="Whatsapp_Icon" time="10.427">
    <failure type="org.openqa.selenium.TimeoutException" message="Expected condition failed: waiting for visibility of all elements located by By.xpath: //div[@class=&amp;apos;joinchat__button__open&amp;apos;] (tried for 10 second(s) with 500 milliseconds interval)
Build info: version: &amp;apos;4.18.1&amp;apos;, revision: &amp;apos;b1d3319b48&amp;apos;
System info: os.name: &amp;apos;Windows 10&amp;apos;, os.arch: &amp;apos;amd64&amp;apos;, os.version: &amp;apos;10.0&amp;apos;, java.version: &amp;apos;21.0.3&amp;apos;
Driver info: org.openqa.selenium.chrome.ChromeDriver
Capabilities {acceptInsecureCerts: false, browserName: chrome, browserVersion: 126.0.6478.127, chrome: {chromedriverVersion: 126.0.6478.126 (d36ace6122e..., userDataDir: C:\Users\RAMPRA~1\AppData\L...}, fedcm:accounts: true, goog:chromeOptions: {debuggerAddress: localhost:50588}, networkConnectionEnabled: false, pageLoadStrategy: normal, platformName: windows, proxy: Proxy(), se:cdp: ws://localhost:50588/devtoo..., se:cdpVersion: 126.0.6478.127, setWindowRect: true, strictFileInteractability: false, timeouts: {implicit: 0, pageLoad: 300000, script: 30000}, unhandledPromptBehavior: dismiss and notify, webauthn:extension:credBlob: true, webauthn:extension:largeBlob: true, webauthn:extension:minPinLength: true, webauthn:extension:prf: true, webauthn:virtualAuthenticators: true}
Session ID: 9a8c0199c8a73418f75e86b65da90efa">
      <![CDATA[org.openqa.selenium.TimeoutException: Expected condition failed: waiting for visibility of all elements located by By.xpath: //div[@class='joinchat__button__open'] (tried for 10 second(s) with 500 milliseconds interval)
Build info: version: '4.18.1', revision: 'b1d3319b48'
System info: os.name: 'Windows 10', os.arch: 'amd64', os.version: '10.0', java.version: '21.0.3'
Driver info: org.openqa.selenium.chrome.ChromeDriver
Capabilities {acceptInsecureCerts: false, browserName: chrome, browserVersion: 126.0.6478.127, chrome: {chromedriverVersion: 126.0.6478.126 (d36ace6122e..., userDataDir: C:\Users\RAMPRA~1\AppData\L...}, fedcm:accounts: true, goog:chromeOptions: {debuggerAddress: localhost:50588}, networkConnectionEnabled: false, pageLoadStrategy: normal, platformName: windows, proxy: Proxy(), se:cdp: ws://localhost:50588/devtoo..., se:cdpVersion: 126.0.6478.127, setWindowRect: true, strictFileInteractability: false, timeouts: {implicit: 0, pageLoad: 300000, script: 30000}, unhandledPromptBehavior: dismiss and notify, webauthn:extension:credBlob: true, webauthn:extension:largeBlob: true, webauthn:extension:minPinLength: true, webauthn:extension:prf: true, webauthn:virtualAuthenticators: true}
Session ID: 9a8c0199c8a73418f75e86b65da90efa
at org.openqa.selenium.support.ui.WebDriverWait.timeoutException(WebDriverWait.java:84)
at org.openqa.selenium.support.ui.FluentWait.until(FluentWait.java:228)
at Home_Page_Menu.Social_Media_Icons_Footer.Whatsapp_Icon(Social_Media_Icons_Footer.java:32)
at java.base/java.util.ArrayList.forEach(ArrayList.java:1596)
... Removed 30 stack frames]]>
    </failure>
  </testcase> <!-- Whatsapp_Icon -->
  <testcase classname="Home_Page_Menu.Social_Media_Icons_Footer" name="Facebook_Icon" time="3.627"/>
  <testcase classname="Home_Page_Menu.Social_Media_Icons_Footer" name="Twitter_Icon" time="4.881">
    <failure type="java.lang.AssertionError" message="expected [Profile / X] but found [X]">
      <![CDATA[java.lang.AssertionError: expected [Profile / X] but found [X]
at Home_Page_Menu.Social_Media_Icons_Footer.Twitter_Icon(Social_Media_Icons_Footer.java:94)
at java.base/java.util.ArrayList.forEach(ArrayList.java:1596)
... Removed 36 stack frames]]>
    </failure>
  </testcase> <!-- Twitter_Icon -->
  <testcase classname="Home_Page_Menu.Social_Media_Icons_Footer" name="Pinterest_Icon" time="3.693"/>
  <testcase classname="Home_Page_Menu.Social_Media_Icons_Footer" name="Youtube_Icon" time="4.736"/>
  <testcase classname="Home_Page_Menu.Social_Media_Icons_Footer" name="Instagram_Icon" time="3.676"/>
  <testcase classname="Home_Page_Menu.Social_Media_Icons_Footer" name="Linkedin_Icon" time="2.373"/>
</testsuite> <!-- Social_Media -->
