<?xml version="1.0" encoding="UTF-8"?>
<!-- Generated by org.testng.reporters.JUnitXMLReporter -->
<testsuite ignored="0" hostname="DESKTOP-SKRGRIP" failures="4" tests="12" name="DCI_Site_Functional_Testing" time="30.163" errors="0" timestamp="2025-05-07T10:14:45 IST">
  <testcase classname="Home_Page_Menu.Home_Menu_Body" name="AI_Case_Study_button" time="0.266"/>
  <testcase classname="Home_Page_Menu.Home_Menu_Body" name="Get_A_Free_Consultation" time="2.627">
    <failure type="java.lang.AssertionError" message="expected [true] but found [false]">
      <![CDATA[java.lang.AssertionError: expected [true] but found [false]
at Base_Setup.Base_Code_Configuration.AssertFail(Base_Code_Configuration.java:327)
at Home_Page_Menu.Home_Menu_Body.Get_A_Free_Consultation(Home_Menu_Body.java:65)
at java.base/java.util.ArrayList.forEach(ArrayList.java:1596)
... Removed 34 stack frames]]>
    </failure>
  </testcase> <!-- Get_A_Free_Consultation -->
  <testcase classname="Home_Page_Menu.Home_Menu_Body" name="LatestBolg_ViewAll_button" time="2.022"/>
  <testcase classname="Home_Page_Menu.Home_Menu_Body" name="Mobile_App_Development_Icon" time="1.476"/>
  <testcase classname="Home_Page_Menu.Home_Menu_Body" name="Digital_Marketing_Icon" time="1.388"/>
  <testcase classname="Home_Page_Menu.Home_Menu_Body" name="Mobile_App_Marketing_Icon" time="2.04"/>
  <testcase classname="Home_Page_Menu.Home_Menu_Body" name="Hire_Our_Dedicated_Developers_Icon" time="1.581"/>
  <testcase classname="Home_Page_Menu.Home_Menu_Body" name="Web_Development_Icon" time="1.235"/>
  <testcase classname="Home_Page_Menu.Home_Menu_Body" name="GIS_Services_Icon" time="2.035"/>
  <testcase classname="Home_Page_Menu.Home_Menu_Body" name="Header" time="0.241">
    <failure type="java.lang.AssertionError" message="expected [true] but found [false]">
      <![CDATA[java.lang.AssertionError: expected [true] but found [false]
at Base_Setup.Base_Code_Configuration.AssertFail(Base_Code_Configuration.java:327)
at Home_Page_Menu.Home_Menu_Body.Header(Home_Menu_Body.java:194)
at java.base/java.util.ArrayList.forEach(ArrayList.java:1596)
... Removed 34 stack frames]]>
    </failure>
  </testcase> <!-- Header -->
  <testcase classname="Home_Page_Menu.Home_Menu_Body" name="Header_Freeze" time="2.691">
    <failure type="java.lang.AssertionError" message="expected [true] but found [false]">
      <![CDATA[java.lang.AssertionError: expected [true] but found [false]
at Base_Setup.Base_Code_Configuration.AssertFail(Base_Code_Configuration.java:327)
at Home_Page_Menu.Home_Menu_Body.Header_Freeze(Home_Menu_Body.java:216)
at java.base/java.util.ArrayList.forEach(ArrayList.java:1596)
... Removed 34 stack frames]]>
    </failure>
  </testcase> <!-- Header_Freeze -->
  <testcase classname="Home_Page_Menu.Home_Menu_Body" name="Footer" time="3.558">
    <failure type="java.lang.AssertionError" message="expected [true] but found [false]">
      <![CDATA[java.lang.AssertionError: expected [true] but found [false]
at Base_Setup.Base_Code_Configuration.AssertFail(Base_Code_Configuration.java:327)
at Home_Page_Menu.Home_Menu_Body.Footer(Home_Menu_Body.java:251)
at java.base/java.util.ArrayList.forEach(ArrayList.java:1596)
... Removed 34 stack frames]]>
    </failure>
  </testcase> <!-- Footer -->
</testsuite> <!-- DCI_Site_Functional_Testing -->
