<?xml version="1.0" encoding="UTF-8"?>
<!-- Generated by org.testng.reporters.JUnitXMLReporter -->
<testsuite ignored="0" hostname="DESKTOP-SKRGRIP" failures="0" tests="3" name="DCI_Site_Functional_Testing" time="18.131" errors="0" timestamp="2024-10-17T10:07:25 IST">
  <testcase classname="Home_Page_Menu.Home_Menu_Body" name="Get_In_Touch_1_button" time="4.743"/>
  <testcase classname="Home_Page_Menu.Home_Menu_Body" name="Get_In_Touch_2_button" time="5.972"/>
  <testcase classname="Home_Page_Menu.Home_Menu_Body" name="Get_In_Touch_3_button" time="2.617"/>
</testsuite> <!-- DCI_Site_Functional_Testing -->
