<?xml version="1.0" encoding="UTF-8"?>
<!-- Generated by org.testng.reporters.JUnitXMLReporter -->
<testsuite ignored="0" hostname="DESKTOP-SKRGRIP" failures="0" tests="5" name="DCI_Site_Functional_Testing" time="13.149" errors="0" timestamp="2024-10-14T10:03:44 IST">
  <testcase classname="Home_Page_Menu.Header_Resource_Submenu" name="Case_Studies_SubMenu" time="1.534"/>
  <testcase classname="Home_Page_Menu.Header_Resource_Submenu" name="White_Papers_SubMenu" time="1.326"/>
  <testcase classname="Home_Page_Menu.Header_Resource_Submenu" name="Ebooks_SubMenu" time="0.673"/>
  <testcase classname="Home_Page_Menu.Header_Resource_Submenu" name="Webinars_SubMenu" time="0.671"/>
  <testcase classname="Home_Page_Menu.Header_Resource_Submenu" name="Knowledge_Base_SubMenu" time="1.345"/>
</testsuite> <!-- DCI_Site_Functional_Testing -->
