<?xml version="1.0" encoding="UTF-8"?>
<!-- Generated by org.testng.reporters.JUnitXMLReporter -->
<testsuite ignored="0" hostname="DESKTOP-SKRGRIP" failures="0" tests="12" name="Functional_Test" time="79.542" errors="0" timestamp="2025-05-07T10:18:24 IST">
  <testcase classname="Home_Page_Menu.Services_MobileAppMarketingAgency_Menu" name="App_Store_Optimization_Services_SubMenu" time="3.434"/>
  <testcase classname="Home_Page_Menu.Services_MobileAppMarketingAgency_Menu" name="Localization_SubMenu" time="2.475"/>
  <testcase classname="Home_Page_Menu.Services_MobileAppMarketingAgency_Menu" name="User_Engagement_SubMenu" time="2.648"/>
  <testcase classname="Home_Page_Menu.Services_MobileAppMarketingAgency_Menu" name="Android_Apps_Marketing_SubMenu" time="2.132"/>
  <testcase classname="Home_Page_Menu.Services_MobileAppMarketingAgency_Menu" name="iPhone_Apps_Marketing_SubMenu" time="2.736"/>
  <testcase classname="Home_Page_Menu.Services_MobileAppMarketingAgency_Menu" name="Free_Consulations_Service_SubMenu" time="5.34"/>
  <testcase classname="Home_Page_Menu.Services_MobileAppMarketingAgency_Menu" name="Mobile_App_Ads_Campaign_Management_SubMenu" time="5.345"/>
  <testcase classname="Home_Page_Menu.Services_MobileAppMarketingAgency_Menu" name="Mobile_Games_Marketing_SubMenu" time="2.376"/>
  <testcase classname="Home_Page_Menu.Services_MobileAppMarketingAgency_Menu" name="Mobile_Pre_Launch_Activities_SubMenu" time="2.24"/>
  <testcase classname="Home_Page_Menu.Services_MobileAppMarketingAgency_Menu" name="Mobile_App_Market_Research_SubMenu" time="5.279"/>
  <testcase classname="Home_Page_Menu.Services_MobileAppMarketingAgency_Menu" name="Mobile_App_Growth_Marketing_SubMenu" time="2.158"/>
  <testcase classname="Home_Page_Menu.Services_MobileAppMarketingAgency_Menu" name="Mobile_App_Prototype_SubMenu" time="2.241"/>
</testsuite> <!-- Functional_Test -->
