<?xml version="1.0" encoding="UTF-8"?>
<!-- Generated by org.testng.reporters.JUnitXMLReporter -->
<testsuite ignored="0" hostname="DESKTOP-SKRGRIP" failures="0" tests="12" name="Functional_Test" time="39.545" errors="0" timestamp="2025-01-08T09:49:18 IST">
  <testcase classname="Home_Page_Menu.Services_MobileAppMarketingAgency_Menu" name="App_Store_Optimization_Services_SubMenu" time="2.44"/>
  <testcase classname="Home_Page_Menu.Services_MobileAppMarketingAgency_Menu" name="Localization_SubMenu" time="2.153"/>
  <testcase classname="Home_Page_Menu.Services_MobileAppMarketingAgency_Menu" name="User_Engagement_SubMenu" time="2.13"/>
  <testcase classname="Home_Page_Menu.Services_MobileAppMarketingAgency_Menu" name="Android_Apps_Marketing_SubMenu" time="2.207"/>
  <testcase classname="Home_Page_Menu.Services_MobileAppMarketingAgency_Menu" name="iPhone_Apps_Marketing_SubMenu" time="2.148"/>
  <testcase classname="Home_Page_Menu.Services_MobileAppMarketingAgency_Menu" name="Free_Consulations_Service_SubMenu" time="2.109"/>
  <testcase classname="Home_Page_Menu.Services_MobileAppMarketingAgency_Menu" name="Mobile_App_Ads_Campaign_Management_SubMenu" time="2.12"/>
  <testcase classname="Home_Page_Menu.Services_MobileAppMarketingAgency_Menu" name="Mobile_Games_Marketing_SubMenu" time="2.396"/>
  <testcase classname="Home_Page_Menu.Services_MobileAppMarketingAgency_Menu" name="Mobile_Pre_Launch_Activities_SubMenu" time="2.06"/>
  <testcase classname="Home_Page_Menu.Services_MobileAppMarketingAgency_Menu" name="Mobile_App_Market_Research_SubMenu" time="2.144"/>
  <testcase classname="Home_Page_Menu.Services_MobileAppMarketingAgency_Menu" name="Mobile_App_Growth_Marketing_SubMenu" time="2.03"/>
  <testcase classname="Home_Page_Menu.Services_MobileAppMarketingAgency_Menu" name="Mobile_App_Prototype_SubMenu" time="2.058"/>
</testsuite> <!-- Functional_Test -->
