<?xml version="1.0" encoding="UTF-8"?>
<!-- Generated by org.testng.reporters.JUnitXMLReporter -->
<testsuite ignored="0" hostname="DESKTOP-SKRGRIP" failures="0" tests="8" name="DCI_Site_Functional_Testing" time="32.092" errors="0" timestamp="2025-02-14T10:52:11 IST">
  <testcase classname="Home_Page_Menu.Header_Menu_Header" name="Logo" time="0.511"/>
  <testcase classname="Home_Page_Menu.Header_Menu_Header" name="Home_Menu" time="0.468"/>
  <testcase classname="Home_Page_Menu.Header_Menu_Header" name="About_Us_Menu" time="1.111"/>
  <testcase classname="Home_Page_Menu.Header_Menu_Header" name="Get_Quote_Menu" time="1.332"/>
  <testcase classname="Home_Page_Menu.Header_Menu_Header" name="Contact_Menu" time="0.894"/>
  <testcase classname="Home_Page_Menu.Header_Menu_Header" name="Portfolio_Menu" time="0.808"/>
  <testcase classname="Home_Page_Menu.Header_Menu_Header" name="Blog_Menu" time="0.983"/>
  <testcase classname="Home_Page_Menu.Header_Menu_Header" name="Contact_Telephone_Icon_Menu" time="7.58"/>
</testsuite> <!-- DCI_Site_Functional_Testing -->
