<?xml version="1.0" encoding="UTF-8"?>
<!-- Generated by org.testng.reporters.JUnitXMLReporter -->
<testsuite ignored="0" hostname="DESKTOP-SKRGRIP" failures="0" tests="8" name="DCI_Site_Functional_Testing" time="187.02" errors="0" timestamp="2024-10-16T10:04:28 IST">
  <testcase classname="Home_Page_Menu.Header_Menu_Header" name="Logo" time="42.659"/>
  <testcase classname="Home_Page_Menu.Header_Menu_Header" name="Home_Menu" time="0.36"/>
  <testcase classname="Home_Page_Menu.Header_Menu_Header" name="About_Us_Menu" time="42.535"/>
  <testcase classname="Home_Page_Menu.Header_Menu_Header" name="Get_Quote_Menu" time="1.322"/>
  <testcase classname="Home_Page_Menu.Header_Menu_Header" name="Contact_Menu" time="42.519"/>
  <testcase classname="Home_Page_Menu.Header_Menu_Header" name="Portfolio_Menu" time="1.459"/>
  <testcase classname="Home_Page_Menu.Header_Menu_Header" name="Blog_Menu" time="42.514"/>
  <testcase classname="Home_Page_Menu.Header_Menu_Header" name="Contact_Telephone_Icon_Menu" time="4.219"/>
</testsuite> <!-- DCI_Site_Functional_Testing -->
