<?xml version="1.0" encoding="UTF-8"?>
<testng-results ignored="0" total="67" passed="66" failed="1" skipped="0">
  <reporter-output>
  </reporter-output>
  <suite started-at="2024-10-16T10:08:14 IST" name="FooterMenu" finished-at="2024-10-16T10:11:44 IST" duration-ms="209751">
    <groups>
    </groups>
    <test started-at="2024-10-16T10:08:14 IST" name="DCI_Site_Functional_Testing" finished-at="2024-10-16T10:11:44 IST" duration-ms="209751">
      <class name="Home_Page_Menu.Home_Page_Footer_Menu">
        <test-method is-config="true" signature="setup(java.lang.String)[pri:0, instance:Home_Page_Menu.Home_Page_Footer_Menu@5e5d171f]" started-at="2024-10-16T10:08:14 IST" name="setup" finished-at="2024-10-16T10:08:17 IST" duration-ms="3233" status="PASS">
          <params>
            <param index="0">
              <value>
                <![CDATA[firefox]]>
              </value>
            </param>
          </params>
          <reporter-output>
          </reporter-output>
        </test-method> <!-- setup -->
        <test-method is-config="true" signature="URL_Call()[pri:0, instance:Home_Page_Menu.Home_Page_Footer_Menu@5e5d171f]" started-at="2024-10-16T10:08:17 IST" name="URL_Call" finished-at="2024-10-16T10:08:18 IST" duration-ms="1186" status="PASS">
          <reporter-output>
          </reporter-output>
        </test-method> <!-- URL_Call -->
        <test-method signature="Job_Enquiry_Apply_Here_Menu()[pri:1, instance:Home_Page_Menu.Home_Page_Footer_Menu@5e5d171f]" started-at="2024-10-16T10:08:18 IST" name="Job_Enquiry_Apply_Here_Menu" finished-at="2024-10-16T10:08:19 IST" duration-ms="864" status="PASS">
          <reporter-output>
          </reporter-output>
        </test-method> <!-- Job_Enquiry_Apply_Here_Menu -->
        <test-method is-config="true" signature="URL_Call()[pri:0, instance:Home_Page_Menu.Home_Page_Footer_Menu@5e5d171f]" started-at="2024-10-16T10:08:19 IST" name="URL_Call" finished-at="2024-10-16T10:08:20 IST" duration-ms="149" status="PASS">
          <reporter-output>
          </reporter-output>
        </test-method> <!-- URL_Call -->
        <test-method signature="About_Us_Menu()[pri:2, instance:Home_Page_Menu.Home_Page_Footer_Menu@5e5d171f]" started-at="2024-10-16T10:08:20 IST" name="About_Us_Menu" finished-at="2024-10-16T10:08:22 IST" duration-ms="2032" status="PASS">
          <reporter-output>
          </reporter-output>
        </test-method> <!-- About_Us_Menu -->
        <test-method is-config="true" signature="URL_Call()[pri:0, instance:Home_Page_Menu.Home_Page_Footer_Menu@5e5d171f]" started-at="2024-10-16T10:08:22 IST" name="URL_Call" finished-at="2024-10-16T10:08:22 IST" duration-ms="147" status="PASS">
          <reporter-output>
          </reporter-output>
        </test-method> <!-- URL_Call -->
        <test-method signature="Careers_Menu()[pri:3, instance:Home_Page_Menu.Home_Page_Footer_Menu@5e5d171f]" started-at="2024-10-16T10:08:22 IST" name="Careers_Menu" finished-at="2024-10-16T10:09:38 IST" duration-ms="75843" status="PASS">
          <reporter-output>
          </reporter-output>
        </test-method> <!-- Careers_Menu -->
        <test-method is-config="true" signature="URL_Call()[pri:0, instance:Home_Page_Menu.Home_Page_Footer_Menu@5e5d171f]" started-at="2024-10-16T10:09:38 IST" name="URL_Call" finished-at="2024-10-16T10:09:38 IST" duration-ms="317" status="PASS">
          <reporter-output>
          </reporter-output>
        </test-method> <!-- URL_Call -->
        <test-method signature="Become_Our_Representative_Menu()[pri:4, instance:Home_Page_Menu.Home_Page_Footer_Menu@5e5d171f]" started-at="2024-10-16T10:09:38 IST" name="Become_Our_Representative_Menu" finished-at="2024-10-16T10:09:39 IST" duration-ms="1440" status="PASS">
          <reporter-output>
          </reporter-output>
        </test-method> <!-- Become_Our_Representative_Menu -->
        <test-method is-config="true" signature="URL_Call()[pri:0, instance:Home_Page_Menu.Home_Page_Footer_Menu@5e5d171f]" started-at="2024-10-16T10:09:39 IST" name="URL_Call" finished-at="2024-10-16T10:09:40 IST" duration-ms="282" status="PASS">
          <reporter-output>
          </reporter-output>
        </test-method> <!-- URL_Call -->
        <test-method signature="Privacy_Policy_Menu()[pri:5, instance:Home_Page_Menu.Home_Page_Footer_Menu@5e5d171f]" started-at="2024-10-16T10:09:40 IST" name="Privacy_Policy_Menu" finished-at="2024-10-16T10:10:23 IST" duration-ms="42873" status="PASS">
          <reporter-output>
          </reporter-output>
        </test-method> <!-- Privacy_Policy_Menu -->
        <test-method is-config="true" signature="URL_Call()[pri:0, instance:Home_Page_Menu.Home_Page_Footer_Menu@5e5d171f]" started-at="2024-10-16T10:10:23 IST" name="URL_Call" finished-at="2024-10-16T10:10:23 IST" duration-ms="160" status="PASS">
          <reporter-output>
          </reporter-output>
        </test-method> <!-- URL_Call -->
        <test-method signature="SiteMap_Menu()[pri:6, instance:Home_Page_Menu.Home_Page_Footer_Menu@5e5d171f]" started-at="2024-10-16T10:10:23 IST" name="SiteMap_Menu" finished-at="2024-10-16T10:11:43 IST" duration-ms="80461" status="PASS">
          <reporter-output>
          </reporter-output>
        </test-method> <!-- SiteMap_Menu -->
        <test-method is-config="true" signature="tearDown()[pri:0, instance:Home_Page_Menu.Home_Page_Footer_Menu@5e5d171f]" started-at="2024-10-16T10:11:43 IST" name="tearDown" finished-at="2024-10-16T10:11:44 IST" duration-ms="384" status="PASS">
          <reporter-output>
          </reporter-output>
        </test-method> <!-- tearDown -->
      </class> <!-- Home_Page_Menu.Home_Page_Footer_Menu -->
    </test> <!-- DCI_Site_Functional_Testing -->
  </suite> <!-- FooterMenu -->
  <suite started-at="2024-10-16T10:11:44 IST" name="Resource_Submenu" finished-at="2024-10-16T10:11:54 IST" duration-ms="9669">
    <groups>
    </groups>
    <test started-at="2024-10-16T10:11:44 IST" name="DCI_Site_Functional_Testing" finished-at="2024-10-16T10:11:54 IST" duration-ms="9669">
      <class name="Home_Page_Menu.Header_Resource_Submenu">
        <test-method is-config="true" signature="setup(java.lang.String)[pri:0, instance:Home_Page_Menu.Header_Resource_Submenu@38afe297]" started-at="2024-10-16T10:11:44 IST" name="setup" finished-at="2024-10-16T10:11:47 IST" duration-ms="2943" status="PASS">
          <params>
            <param index="0">
              <value>
                <![CDATA[firefox]]>
              </value>
            </param>
          </params>
          <reporter-output>
          </reporter-output>
        </test-method> <!-- setup -->
        <test-method is-config="true" signature="URL_Call()[pri:0, instance:Home_Page_Menu.Header_Resource_Submenu@38afe297]" started-at="2024-10-16T10:11:47 IST" name="URL_Call" finished-at="2024-10-16T10:11:48 IST" duration-ms="1280" status="PASS">
          <reporter-output>
          </reporter-output>
        </test-method> <!-- URL_Call -->
        <test-method signature="Case_Studies_SubMenu()[pri:1, instance:Home_Page_Menu.Header_Resource_Submenu@38afe297]" started-at="2024-10-16T10:11:48 IST" name="Case_Studies_SubMenu" finished-at="2024-10-16T10:11:49 IST" duration-ms="1091" status="PASS">
          <reporter-output>
          </reporter-output>
        </test-method> <!-- Case_Studies_SubMenu -->
        <test-method is-config="true" signature="URL_Call()[pri:0, instance:Home_Page_Menu.Header_Resource_Submenu@38afe297]" started-at="2024-10-16T10:11:49 IST" name="URL_Call" finished-at="2024-10-16T10:11:50 IST" duration-ms="346" status="PASS">
          <reporter-output>
          </reporter-output>
        </test-method> <!-- URL_Call -->
        <test-method signature="White_Papers_SubMenu()[pri:2, instance:Home_Page_Menu.Header_Resource_Submenu@38afe297]" started-at="2024-10-16T10:11:50 IST" name="White_Papers_SubMenu" finished-at="2024-10-16T10:11:50 IST" duration-ms="548" status="PASS">
          <reporter-output>
          </reporter-output>
        </test-method> <!-- White_Papers_SubMenu -->
        <test-method is-config="true" signature="URL_Call()[pri:0, instance:Home_Page_Menu.Header_Resource_Submenu@38afe297]" started-at="2024-10-16T10:11:50 IST" name="URL_Call" finished-at="2024-10-16T10:11:51 IST" duration-ms="289" status="PASS">
          <reporter-output>
          </reporter-output>
        </test-method> <!-- URL_Call -->
        <test-method signature="Ebooks_SubMenu()[pri:3, instance:Home_Page_Menu.Header_Resource_Submenu@38afe297]" started-at="2024-10-16T10:11:51 IST" name="Ebooks_SubMenu" finished-at="2024-10-16T10:11:51 IST" duration-ms="547" status="PASS">
          <reporter-output>
          </reporter-output>
        </test-method> <!-- Ebooks_SubMenu -->
        <test-method is-config="true" signature="URL_Call()[pri:0, instance:Home_Page_Menu.Header_Resource_Submenu@38afe297]" started-at="2024-10-16T10:11:51 IST" name="URL_Call" finished-at="2024-10-16T10:11:51 IST" duration-ms="245" status="PASS">
          <reporter-output>
          </reporter-output>
        </test-method> <!-- URL_Call -->
        <test-method signature="Webinars_SubMenu()[pri:4, instance:Home_Page_Menu.Header_Resource_Submenu@38afe297]" started-at="2024-10-16T10:11:51 IST" name="Webinars_SubMenu" finished-at="2024-10-16T10:11:52 IST" duration-ms="538" status="PASS">
          <reporter-output>
          </reporter-output>
        </test-method> <!-- Webinars_SubMenu -->
        <test-method is-config="true" signature="URL_Call()[pri:0, instance:Home_Page_Menu.Header_Resource_Submenu@38afe297]" started-at="2024-10-16T10:11:52 IST" name="URL_Call" finished-at="2024-10-16T10:11:52 IST" duration-ms="230" status="PASS">
          <reporter-output>
          </reporter-output>
        </test-method> <!-- URL_Call -->
        <test-method signature="Knowledge_Base_SubMenu()[pri:5, instance:Home_Page_Menu.Header_Resource_Submenu@38afe297]" started-at="2024-10-16T10:11:52 IST" name="Knowledge_Base_SubMenu" finished-at="2024-10-16T10:11:53 IST" duration-ms="543" status="PASS">
          <reporter-output>
          </reporter-output>
        </test-method> <!-- Knowledge_Base_SubMenu -->
        <test-method is-config="true" signature="tearDown()[pri:0, instance:Home_Page_Menu.Header_Resource_Submenu@38afe297]" started-at="2024-10-16T10:11:53 IST" name="tearDown" finished-at="2024-10-16T10:11:54 IST" duration-ms="725" status="PASS">
          <reporter-output>
          </reporter-output>
        </test-method> <!-- tearDown -->
      </class> <!-- Home_Page_Menu.Header_Resource_Submenu -->
    </test> <!-- DCI_Site_Functional_Testing -->
  </suite> <!-- Resource_Submenu -->
  <suite started-at="2024-10-16T10:06:43 IST" name="Services_SubMenu" finished-at="2024-10-16T10:06:58 IST" duration-ms="15011">
    <groups>
    </groups>
    <test started-at="2024-10-16T10:06:43 IST" name="DCI_Site_Functional_Testing" finished-at="2024-10-16T10:06:58 IST" duration-ms="15011">
      <class name="Home_Page_Menu.Header_Services_Submenu">
        <test-method is-config="true" signature="setup(java.lang.String)[pri:0, instance:Home_Page_Menu.Header_Services_Submenu@4116aac9]" started-at="2024-10-16T10:06:43 IST" name="setup" finished-at="2024-10-16T10:06:47 IST" duration-ms="3219" status="PASS">
          <params>
            <param index="0">
              <value>
                <![CDATA[firefox]]>
              </value>
            </param>
          </params>
          <reporter-output>
          </reporter-output>
        </test-method> <!-- setup -->
        <test-method is-config="true" signature="URL_Call()[pri:0, instance:Home_Page_Menu.Header_Services_Submenu@4116aac9]" started-at="2024-10-16T10:06:47 IST" name="URL_Call" finished-at="2024-10-16T10:06:48 IST" duration-ms="1387" status="PASS">
          <reporter-output>
          </reporter-output>
        </test-method> <!-- URL_Call -->
        <test-method signature="Mobile_App_Development_SubMenu()[pri:1, instance:Home_Page_Menu.Header_Services_Submenu@4116aac9]" started-at="2024-10-16T10:06:48 IST" name="Mobile_App_Development_SubMenu" finished-at="2024-10-16T10:06:49 IST" duration-ms="745" status="PASS">
          <reporter-output>
          </reporter-output>
        </test-method> <!-- Mobile_App_Development_SubMenu -->
        <test-method is-config="true" signature="URL_Call()[pri:0, instance:Home_Page_Menu.Header_Services_Submenu@4116aac9]" started-at="2024-10-16T10:06:49 IST" name="URL_Call" finished-at="2024-10-16T10:06:49 IST" duration-ms="304" status="PASS">
          <reporter-output>
          </reporter-output>
        </test-method> <!-- URL_Call -->
        <test-method signature="Digital_Marketing_SubMenu()[pri:2, instance:Home_Page_Menu.Header_Services_Submenu@4116aac9]" started-at="2024-10-16T10:06:49 IST" name="Digital_Marketing_SubMenu" finished-at="2024-10-16T10:06:50 IST" duration-ms="544" status="PASS">
          <reporter-output>
          </reporter-output>
        </test-method> <!-- Digital_Marketing_SubMenu -->
        <test-method is-config="true" signature="URL_Call()[pri:0, instance:Home_Page_Menu.Header_Services_Submenu@4116aac9]" started-at="2024-10-16T10:06:50 IST" name="URL_Call" finished-at="2024-10-16T10:06:51 IST" duration-ms="788" status="PASS">
          <reporter-output>
          </reporter-output>
        </test-method> <!-- URL_Call -->
        <test-method signature="Mobile_App_Marketing_Agency_SubMenu()[pri:3, instance:Home_Page_Menu.Header_Services_Submenu@4116aac9]" started-at="2024-10-16T10:06:51 IST" name="Mobile_App_Marketing_Agency_SubMenu" finished-at="2024-10-16T10:06:51 IST" duration-ms="546" status="PASS">
          <reporter-output>
          </reporter-output>
        </test-method> <!-- Mobile_App_Marketing_Agency_SubMenu -->
        <test-method is-config="true" signature="URL_Call()[pri:0, instance:Home_Page_Menu.Header_Services_Submenu@4116aac9]" started-at="2024-10-16T10:06:51 IST" name="URL_Call" finished-at="2024-10-16T10:06:52 IST" duration-ms="365" status="PASS">
          <reporter-output>
          </reporter-output>
        </test-method> <!-- URL_Call -->
        <test-method signature="Hire_Our_Dedicated_Developers_SubMenu()[pri:4, instance:Home_Page_Menu.Header_Services_Submenu@4116aac9]" started-at="2024-10-16T10:06:52 IST" name="Hire_Our_Dedicated_Developers_SubMenu" finished-at="2024-10-16T10:06:52 IST" duration-ms="603" status="PASS">
          <reporter-output>
          </reporter-output>
        </test-method> <!-- Hire_Our_Dedicated_Developers_SubMenu -->
        <test-method is-config="true" signature="URL_Call()[pri:0, instance:Home_Page_Menu.Header_Services_Submenu@4116aac9]" started-at="2024-10-16T10:06:52 IST" name="URL_Call" finished-at="2024-10-16T10:06:53 IST" duration-ms="342" status="PASS">
          <reporter-output>
          </reporter-output>
        </test-method> <!-- URL_Call -->
        <test-method signature="Web_Design_And_Development_SubMenu()[pri:5, instance:Home_Page_Menu.Header_Services_Submenu@4116aac9]" started-at="2024-10-16T10:06:53 IST" name="Web_Design_And_Development_SubMenu" finished-at="2024-10-16T10:06:53 IST" duration-ms="46" status="PASS">
          <reporter-output>
          </reporter-output>
        </test-method> <!-- Web_Design_And_Development_SubMenu -->
        <test-method is-config="true" signature="URL_Call()[pri:0, instance:Home_Page_Menu.Header_Services_Submenu@4116aac9]" started-at="2024-10-16T10:06:53 IST" name="URL_Call" finished-at="2024-10-16T10:06:53 IST" duration-ms="310" status="PASS">
          <reporter-output>
          </reporter-output>
        </test-method> <!-- URL_Call -->
        <test-method signature="Business_Consulting_Services_SubMenu()[pri:6, instance:Home_Page_Menu.Header_Services_Submenu@4116aac9]" started-at="2024-10-16T10:06:53 IST" name="Business_Consulting_Services_SubMenu" finished-at="2024-10-16T10:06:54 IST" duration-ms="562" status="PASS">
          <reporter-output>
          </reporter-output>
        </test-method> <!-- Business_Consulting_Services_SubMenu -->
        <test-method is-config="true" signature="URL_Call()[pri:0, instance:Home_Page_Menu.Header_Services_Submenu@4116aac9]" started-at="2024-10-16T10:06:54 IST" name="URL_Call" finished-at="2024-10-16T10:06:54 IST" duration-ms="291" status="PASS">
          <reporter-output>
          </reporter-output>
        </test-method> <!-- URL_Call -->
        <test-method signature="AI_Services_SubMenu()[pri:7, instance:Home_Page_Menu.Header_Services_Submenu@4116aac9]" started-at="2024-10-16T10:06:54 IST" name="AI_Services_SubMenu" finished-at="2024-10-16T10:06:55 IST" duration-ms="534" status="PASS">
          <reporter-output>
          </reporter-output>
        </test-method> <!-- AI_Services_SubMenu -->
        <test-method is-config="true" signature="URL_Call()[pri:0, instance:Home_Page_Menu.Header_Services_Submenu@4116aac9]" started-at="2024-10-16T10:06:55 IST" name="URL_Call" finished-at="2024-10-16T10:06:55 IST" duration-ms="296" status="PASS">
          <reporter-output>
          </reporter-output>
        </test-method> <!-- URL_Call -->
        <test-method signature="Wallet_Integration_Service_SubMenu()[pri:8, instance:Home_Page_Menu.Header_Services_Submenu@4116aac9]" started-at="2024-10-16T10:06:55 IST" name="Wallet_Integration_Service_SubMenu" finished-at="2024-10-16T10:06:56 IST" duration-ms="530" status="PASS">
          <reporter-output>
          </reporter-output>
        </test-method> <!-- Wallet_Integration_Service_SubMenu -->
        <test-method is-config="true" signature="URL_Call()[pri:0, instance:Home_Page_Menu.Header_Services_Submenu@4116aac9]" started-at="2024-10-16T10:06:56 IST" name="URL_Call" finished-at="2024-10-16T10:06:56 IST" duration-ms="318" status="PASS">
          <reporter-output>
          </reporter-output>
        </test-method> <!-- URL_Call -->
        <test-method signature="Blockchain_Development_SubMenu()[pri:9, instance:Home_Page_Menu.Header_Services_Submenu@4116aac9]" started-at="2024-10-16T10:06:56 IST" name="Blockchain_Development_SubMenu" finished-at="2024-10-16T10:06:57 IST" duration-ms="567" status="PASS">
          <reporter-output>
          </reporter-output>
        </test-method> <!-- Blockchain_Development_SubMenu -->
        <test-method is-config="true" signature="URL_Call()[pri:0, instance:Home_Page_Menu.Header_Services_Submenu@4116aac9]" started-at="2024-10-16T10:06:57 IST" name="URL_Call" finished-at="2024-10-16T10:06:57 IST" duration-ms="330" status="PASS">
          <reporter-output>
          </reporter-output>
        </test-method> <!-- URL_Call -->
        <test-method signature="Managed_Services_SubMenu()[pri:10, instance:Home_Page_Menu.Header_Services_Submenu@4116aac9]" started-at="2024-10-16T10:06:57 IST" name="Managed_Services_SubMenu" finished-at="2024-10-16T10:06:58 IST" duration-ms="591" status="PASS">
          <reporter-output>
          </reporter-output>
        </test-method> <!-- Managed_Services_SubMenu -->
        <test-method is-config="true" signature="tearDown()[pri:0, instance:Home_Page_Menu.Header_Services_Submenu@4116aac9]" started-at="2024-10-16T10:06:58 IST" name="tearDown" finished-at="2024-10-16T10:06:58 IST" duration-ms="773" status="PASS">
          <reporter-output>
          </reporter-output>
        </test-method> <!-- tearDown -->
      </class> <!-- Home_Page_Menu.Header_Services_Submenu -->
    </test> <!-- DCI_Site_Functional_Testing -->
  </suite> <!-- Services_SubMenu -->
  <suite started-at="2024-10-16T10:06:59 IST" name="Social_Media_Icon" finished-at="2024-10-16T10:07:37 IST" duration-ms="38136">
    <groups>
    </groups>
    <test started-at="2024-10-16T10:06:59 IST" name="DCI_Site_Functional_Testing" finished-at="2024-10-16T10:07:37 IST" duration-ms="38136">
      <class name="Home_Page_Menu.Social_Media_Icons_Footer">
        <test-method is-config="true" signature="setup(java.lang.String)[pri:0, instance:Home_Page_Menu.Social_Media_Icons_Footer@4e08711f]" started-at="2024-10-16T10:06:59 IST" name="setup" finished-at="2024-10-16T10:07:02 IST" duration-ms="3189" status="PASS">
          <params>
            <param index="0">
              <value>
                <![CDATA[firefox]]>
              </value>
            </param>
          </params>
          <reporter-output>
          </reporter-output>
        </test-method> <!-- setup -->
        <test-method is-config="true" signature="URL_Call()[pri:0, instance:Home_Page_Menu.Social_Media_Icons_Footer@4e08711f]" started-at="2024-10-16T10:07:02 IST" name="URL_Call" finished-at="2024-10-16T10:07:03 IST" duration-ms="1269" status="PASS">
          <reporter-output>
          </reporter-output>
        </test-method> <!-- URL_Call -->
        <test-method signature="Whatsapp_Icon()[pri:1, instance:Home_Page_Menu.Social_Media_Icons_Footer@4e08711f]" started-at="2024-10-16T10:07:03 IST" name="Whatsapp_Icon" finished-at="2024-10-16T10:07:15 IST" duration-ms="11848" status="PASS">
          <reporter-output>
          </reporter-output>
        </test-method> <!-- Whatsapp_Icon -->
        <test-method is-config="true" signature="URL_Call()[pri:0, instance:Home_Page_Menu.Social_Media_Icons_Footer@4e08711f]" started-at="2024-10-16T10:07:15 IST" name="URL_Call" finished-at="2024-10-16T10:07:16 IST" duration-ms="549" status="PASS">
          <reporter-output>
          </reporter-output>
        </test-method> <!-- URL_Call -->
        <test-method signature="Facebook_Icon()[pri:2, instance:Home_Page_Menu.Social_Media_Icons_Footer@4e08711f]" started-at="2024-10-16T10:07:16 IST" name="Facebook_Icon" finished-at="2024-10-16T10:07:19 IST" duration-ms="3279" status="PASS">
          <reporter-output>
          </reporter-output>
        </test-method> <!-- Facebook_Icon -->
        <test-method is-config="true" signature="URL_Call()[pri:0, instance:Home_Page_Menu.Social_Media_Icons_Footer@4e08711f]" started-at="2024-10-16T10:07:19 IST" name="URL_Call" finished-at="2024-10-16T10:07:20 IST" duration-ms="486" status="PASS">
          <reporter-output>
          </reporter-output>
        </test-method> <!-- URL_Call -->
        <test-method signature="Twitter_Icon()[pri:3, instance:Home_Page_Menu.Social_Media_Icons_Footer@4e08711f]" started-at="2024-10-16T10:07:20 IST" name="Twitter_Icon" finished-at="2024-10-16T10:07:21 IST" duration-ms="1520" status="PASS">
          <reporter-output>
          </reporter-output>
        </test-method> <!-- Twitter_Icon -->
        <test-method is-config="true" signature="URL_Call()[pri:0, instance:Home_Page_Menu.Social_Media_Icons_Footer@4e08711f]" started-at="2024-10-16T10:07:21 IST" name="URL_Call" finished-at="2024-10-16T10:07:21 IST" duration-ms="152" status="PASS">
          <reporter-output>
          </reporter-output>
        </test-method> <!-- URL_Call -->
        <test-method signature="Pinterest_Icon()[pri:4, instance:Home_Page_Menu.Social_Media_Icons_Footer@4e08711f]" started-at="2024-10-16T10:07:21 IST" name="Pinterest_Icon" finished-at="2024-10-16T10:07:25 IST" duration-ms="3281" status="PASS">
          <reporter-output>
          </reporter-output>
        </test-method> <!-- Pinterest_Icon -->
        <test-method is-config="true" signature="URL_Call()[pri:0, instance:Home_Page_Menu.Social_Media_Icons_Footer@4e08711f]" started-at="2024-10-16T10:07:25 IST" name="URL_Call" finished-at="2024-10-16T10:07:26 IST" duration-ms="482" status="PASS">
          <reporter-output>
          </reporter-output>
        </test-method> <!-- URL_Call -->
        <test-method signature="Youtube_Icon()[pri:5, instance:Home_Page_Menu.Social_Media_Icons_Footer@4e08711f]" started-at="2024-10-16T10:07:26 IST" name="Youtube_Icon" finished-at="2024-10-16T10:07:29 IST" duration-ms="3395" status="PASS">
          <reporter-output>
          </reporter-output>
        </test-method> <!-- Youtube_Icon -->
        <test-method is-config="true" signature="URL_Call()[pri:0, instance:Home_Page_Menu.Social_Media_Icons_Footer@4e08711f]" started-at="2024-10-16T10:07:29 IST" name="URL_Call" finished-at="2024-10-16T10:07:30 IST" duration-ms="514" status="PASS">
          <reporter-output>
          </reporter-output>
        </test-method> <!-- URL_Call -->
        <test-method signature="Instagram_Icon()[pri:6, instance:Home_Page_Menu.Social_Media_Icons_Footer@4e08711f]" started-at="2024-10-16T10:07:30 IST" name="Instagram_Icon" finished-at="2024-10-16T10:07:33 IST" duration-ms="3472" status="PASS">
          <reporter-output>
          </reporter-output>
        </test-method> <!-- Instagram_Icon -->
        <test-method is-config="true" signature="URL_Call()[pri:0, instance:Home_Page_Menu.Social_Media_Icons_Footer@4e08711f]" started-at="2024-10-16T10:07:33 IST" name="URL_Call" finished-at="2024-10-16T10:07:33 IST" duration-ms="176" status="PASS">
          <reporter-output>
          </reporter-output>
        </test-method> <!-- URL_Call -->
        <test-method signature="Linkedin_Icon()[pri:7, instance:Home_Page_Menu.Social_Media_Icons_Footer@4e08711f]" started-at="2024-10-16T10:07:33 IST" name="Linkedin_Icon" finished-at="2024-10-16T10:07:36 IST" duration-ms="2297" status="PASS">
          <reporter-output>
          </reporter-output>
        </test-method> <!-- Linkedin_Icon -->
        <test-method is-config="true" signature="tearDown()[pri:0, instance:Home_Page_Menu.Social_Media_Icons_Footer@4e08711f]" started-at="2024-10-16T10:07:36 IST" name="tearDown" finished-at="2024-10-16T10:07:37 IST" duration-ms="1070" status="PASS">
          <reporter-output>
          </reporter-output>
        </test-method> <!-- tearDown -->
      </class> <!-- Home_Page_Menu.Social_Media_Icons_Footer -->
    </test> <!-- DCI_Site_Functional_Testing -->
  </suite> <!-- Social_Media_Icon -->
  <suite started-at="2024-10-16T10:11:54 IST" name="Services_MobileAppDevelopmentSubmenu" finished-at="2024-10-16T10:12:12 IST" duration-ms="17858">
    <groups>
    </groups>
    <test started-at="2024-10-16T10:11:54 IST" name="DCI_Site_Functional_Testing" finished-at="2024-10-16T10:12:12 IST" duration-ms="17858">
      <class name="Home_Page_Menu.Services_MobileAppDevelopmentMenu">
        <test-method is-config="true" signature="setup(java.lang.String)[pri:0, instance:Home_Page_Menu.Services_MobileAppDevelopmentMenu@3d34d211]" started-at="2024-10-16T10:11:54 IST" name="setup" finished-at="2024-10-16T10:11:57 IST" duration-ms="2594" status="PASS">
          <params>
            <param index="0">
              <value>
                <![CDATA[firefox]]>
              </value>
            </param>
          </params>
          <reporter-output>
          </reporter-output>
        </test-method> <!-- setup -->
        <test-method is-config="true" signature="URL_Call()[pri:0, instance:Home_Page_Menu.Services_MobileAppDevelopmentMenu@3d34d211]" started-at="2024-10-16T10:11:57 IST" name="URL_Call" finished-at="2024-10-16T10:11:58 IST" duration-ms="1371" status="PASS">
          <reporter-output>
          </reporter-output>
        </test-method> <!-- URL_Call -->
        <test-method signature="Android_App_Development_SubMenu()[pri:1, instance:Home_Page_Menu.Services_MobileAppDevelopmentMenu@3d34d211]" started-at="2024-10-16T10:11:58 IST" name="Android_App_Development_SubMenu" finished-at="2024-10-16T10:11:59 IST" duration-ms="1528" status="PASS">
          <reporter-output>
          </reporter-output>
        </test-method> <!-- Android_App_Development_SubMenu -->
        <test-method is-config="true" signature="URL_Call()[pri:0, instance:Home_Page_Menu.Services_MobileAppDevelopmentMenu@3d34d211]" started-at="2024-10-16T10:11:59 IST" name="URL_Call" finished-at="2024-10-16T10:12:00 IST" duration-ms="444" status="PASS">
          <reporter-output>
          </reporter-output>
        </test-method> <!-- URL_Call -->
        <test-method signature="Enterprise_Mobile_Application_Development_SubMenu()[pri:2, instance:Home_Page_Menu.Services_MobileAppDevelopmentMenu@3d34d211]" started-at="2024-10-16T10:12:00 IST" name="Enterprise_Mobile_Application_Development_SubMenu" finished-at="2024-10-16T10:12:01 IST" duration-ms="611" status="PASS">
          <reporter-output>
          </reporter-output>
        </test-method> <!-- Enterprise_Mobile_Application_Development_SubMenu -->
        <test-method is-config="true" signature="URL_Call()[pri:0, instance:Home_Page_Menu.Services_MobileAppDevelopmentMenu@3d34d211]" started-at="2024-10-16T10:12:01 IST" name="URL_Call" finished-at="2024-10-16T10:12:01 IST" duration-ms="402" status="PASS">
          <reporter-output>
          </reporter-output>
        </test-method> <!-- URL_Call -->
        <test-method signature="Startup_App_Development_SubMenu()[pri:3, instance:Home_Page_Menu.Services_MobileAppDevelopmentMenu@3d34d211]" started-at="2024-10-16T10:12:01 IST" name="Startup_App_Development_SubMenu" finished-at="2024-10-16T10:12:03 IST" duration-ms="1725" status="PASS">
          <reporter-output>
          </reporter-output>
        </test-method> <!-- Startup_App_Development_SubMenu -->
        <test-method is-config="true" signature="URL_Call()[pri:0, instance:Home_Page_Menu.Services_MobileAppDevelopmentMenu@3d34d211]" started-at="2024-10-16T10:12:03 IST" name="URL_Call" finished-at="2024-10-16T10:12:05 IST" duration-ms="1915" status="PASS">
          <reporter-output>
          </reporter-output>
        </test-method> <!-- URL_Call -->
        <test-method signature="iOS_App_Developmentt_SubMenu()[pri:4, instance:Home_Page_Menu.Services_MobileAppDevelopmentMenu@3d34d211]" started-at="2024-10-16T10:12:05 IST" name="iOS_App_Developmentt_SubMenu" finished-at="2024-10-16T10:12:06 IST" duration-ms="1337" status="PASS">
          <reporter-output>
          </reporter-output>
        </test-method> <!-- iOS_App_Developmentt_SubMenu -->
        <test-method is-config="true" signature="URL_Call()[pri:0, instance:Home_Page_Menu.Services_MobileAppDevelopmentMenu@3d34d211]" started-at="2024-10-16T10:12:06 IST" name="URL_Call" finished-at="2024-10-16T10:12:07 IST" duration-ms="534" status="PASS">
          <reporter-output>
          </reporter-output>
        </test-method> <!-- URL_Call -->
        <test-method signature="iPad_App_Development_SubMenu()[pri:5, instance:Home_Page_Menu.Services_MobileAppDevelopmentMenu@3d34d211]" started-at="2024-10-16T10:12:07 IST" name="iPad_App_Development_SubMenu" finished-at="2024-10-16T10:12:08 IST" duration-ms="1021" status="PASS">
          <reporter-output>
          </reporter-output>
        </test-method> <!-- iPad_App_Development_SubMenu -->
        <test-method is-config="true" signature="URL_Call()[pri:0, instance:Home_Page_Menu.Services_MobileAppDevelopmentMenu@3d34d211]" started-at="2024-10-16T10:12:08 IST" name="URL_Call" finished-at="2024-10-16T10:12:08 IST" duration-ms="501" status="PASS">
          <reporter-output>
          </reporter-output>
        </test-method> <!-- URL_Call -->
        <test-method signature="HTML5_Development_SubMenu()[pri:6, instance:Home_Page_Menu.Services_MobileAppDevelopmentMenu@3d34d211]" started-at="2024-10-16T10:12:08 IST" name="HTML5_Development_SubMenu" finished-at="2024-10-16T10:12:09 IST" duration-ms="971" status="PASS">
          <reporter-output>
          </reporter-output>
        </test-method> <!-- HTML5_Development_SubMenu -->
        <test-method is-config="true" signature="URL_Call()[pri:0, instance:Home_Page_Menu.Services_MobileAppDevelopmentMenu@3d34d211]" started-at="2024-10-16T10:12:09 IST" name="URL_Call" finished-at="2024-10-16T10:12:10 IST" duration-ms="449" status="PASS">
          <reporter-output>
          </reporter-output>
        </test-method> <!-- URL_Call -->
        <test-method signature="Windows_Application_Development_SubMenu()[pri:7, instance:Home_Page_Menu.Services_MobileAppDevelopmentMenu@3d34d211]" started-at="2024-10-16T10:12:10 IST" name="Windows_Application_Development_SubMenu" finished-at="2024-10-16T10:12:11 IST" duration-ms="1181" status="PASS">
          <reporter-output>
          </reporter-output>
        </test-method> <!-- Windows_Application_Development_SubMenu -->
        <test-method is-config="true" signature="tearDown()[pri:0, instance:Home_Page_Menu.Services_MobileAppDevelopmentMenu@3d34d211]" started-at="2024-10-16T10:12:11 IST" name="tearDown" finished-at="2024-10-16T10:12:12 IST" duration-ms="682" status="PASS">
          <reporter-output>
          </reporter-output>
        </test-method> <!-- tearDown -->
      </class> <!-- Home_Page_Menu.Services_MobileAppDevelopmentMenu -->
    </test> <!-- DCI_Site_Functional_Testing -->
  </suite> <!-- Services_MobileAppDevelopmentSubmenu -->
  <suite started-at="2024-10-16T10:07:56 IST" name="About_Us_Submenu" finished-at="2024-10-16T10:08:14 IST" duration-ms="17297">
    <groups>
    </groups>
    <test started-at="2024-10-16T10:07:56 IST" name="DCI_Site_Functional_Testing" finished-at="2024-10-16T10:08:14 IST" duration-ms="17297">
      <class name="Home_Page_Menu.Header_About_Us_SubMenu">
        <test-method is-config="true" signature="setup(java.lang.String)[pri:0, instance:Home_Page_Menu.Header_About_Us_SubMenu@2362f559]" started-at="2024-10-16T10:07:56 IST" name="setup" finished-at="2024-10-16T10:08:00 IST" duration-ms="3227" status="PASS">
          <params>
            <param index="0">
              <value>
                <![CDATA[firefox]]>
              </value>
            </param>
          </params>
          <reporter-output>
          </reporter-output>
        </test-method> <!-- setup -->
        <test-method is-config="true" signature="URL_Call()[pri:0, instance:Home_Page_Menu.Header_About_Us_SubMenu@2362f559]" started-at="2024-10-16T10:08:00 IST" name="URL_Call" finished-at="2024-10-16T10:08:01 IST" duration-ms="1156" status="PASS">
          <reporter-output>
          </reporter-output>
        </test-method> <!-- URL_Call -->
        <test-method signature="Company_Fact_File_SubMenu()[pri:1, instance:Home_Page_Menu.Header_About_Us_SubMenu@2362f559]" started-at="2024-10-16T10:08:01 IST" name="Company_Fact_File_SubMenu" finished-at="2024-10-16T10:08:01 IST" duration-ms="609" status="PASS">
          <reporter-output>
          </reporter-output>
        </test-method> <!-- Company_Fact_File_SubMenu -->
        <test-method is-config="true" signature="URL_Call()[pri:0, instance:Home_Page_Menu.Header_About_Us_SubMenu@2362f559]" started-at="2024-10-16T10:08:01 IST" name="URL_Call" finished-at="2024-10-16T10:08:02 IST" duration-ms="165" status="PASS">
          <reporter-output>
          </reporter-output>
        </test-method> <!-- URL_Call -->
        <test-method signature="Meet_the_Team_SubMenu()[pri:2, instance:Home_Page_Menu.Header_About_Us_SubMenu@2362f559]" started-at="2024-10-16T10:08:02 IST" name="Meet_the_Team_SubMenu" finished-at="2024-10-16T10:08:02 IST" duration-ms="550" status="PASS">
          <reporter-output>
          </reporter-output>
        </test-method> <!-- Meet_the_Team_SubMenu -->
        <test-method is-config="true" signature="URL_Call()[pri:0, instance:Home_Page_Menu.Header_About_Us_SubMenu@2362f559]" started-at="2024-10-16T10:08:02 IST" name="URL_Call" finished-at="2024-10-16T10:08:02 IST" duration-ms="147" status="PASS">
          <reporter-output>
          </reporter-output>
        </test-method> <!-- URL_Call -->
        <test-method signature="Our_Clients_SubMenu()[pri:3, instance:Home_Page_Menu.Header_About_Us_SubMenu@2362f559]" started-at="2024-10-16T10:08:02 IST" name="Our_Clients_SubMenu" finished-at="2024-10-16T10:08:03 IST" duration-ms="596" status="PASS">
          <reporter-output>
          </reporter-output>
        </test-method> <!-- Our_Clients_SubMenu -->
        <test-method is-config="true" signature="URL_Call()[pri:0, instance:Home_Page_Menu.Header_About_Us_SubMenu@2362f559]" started-at="2024-10-16T10:08:03 IST" name="URL_Call" finished-at="2024-10-16T10:08:03 IST" duration-ms="167" status="PASS">
          <reporter-output>
          </reporter-output>
        </test-method> <!-- URL_Call -->
        <test-method signature="Products_SubMenu()[pri:4, instance:Home_Page_Menu.Header_About_Us_SubMenu@2362f559]" started-at="2024-10-16T10:08:03 IST" name="Products_SubMenu" finished-at="2024-10-16T10:08:04 IST" duration-ms="582" status="PASS">
          <reporter-output>
          </reporter-output>
        </test-method> <!-- Products_SubMenu -->
        <test-method is-config="true" signature="URL_Call()[pri:0, instance:Home_Page_Menu.Header_About_Us_SubMenu@2362f559]" started-at="2024-10-16T10:08:04 IST" name="URL_Call" finished-at="2024-10-16T10:08:04 IST" duration-ms="164" status="PASS">
          <reporter-output>
          </reporter-output>
        </test-method> <!-- URL_Call -->
        <test-method signature="Become_Our_Representative_SubMenu()[pri:5, instance:Home_Page_Menu.Header_About_Us_SubMenu@2362f559]" started-at="2024-10-16T10:08:04 IST" name="Become_Our_Representative_SubMenu" finished-at="2024-10-16T10:08:05 IST" duration-ms="548" status="PASS">
          <reporter-output>
          </reporter-output>
        </test-method> <!-- Become_Our_Representative_SubMenu -->
        <test-method is-config="true" signature="URL_Call()[pri:0, instance:Home_Page_Menu.Header_About_Us_SubMenu@2362f559]" started-at="2024-10-16T10:08:05 IST" name="URL_Call" finished-at="2024-10-16T10:08:05 IST" duration-ms="205" status="PASS">
          <reporter-output>
          </reporter-output>
        </test-method> <!-- URL_Call -->
        <test-method signature="Business_Models_SubMenu()[pri:6, instance:Home_Page_Menu.Header_About_Us_SubMenu@2362f559]" started-at="2024-10-16T10:08:05 IST" name="Business_Models_SubMenu" finished-at="2024-10-16T10:08:05 IST" duration-ms="577" status="PASS">
          <reporter-output>
          </reporter-output>
        </test-method> <!-- Business_Models_SubMenu -->
        <test-method is-config="true" signature="URL_Call()[pri:0, instance:Home_Page_Menu.Header_About_Us_SubMenu@2362f559]" started-at="2024-10-16T10:08:05 IST" name="URL_Call" finished-at="2024-10-16T10:08:06 IST" duration-ms="125" status="PASS">
          <reporter-output>
          </reporter-output>
        </test-method> <!-- URL_Call -->
        <test-method signature="Awards_SubMenu()[pri:7, instance:Home_Page_Menu.Header_About_Us_SubMenu@2362f559]" started-at="2024-10-16T10:08:06 IST" name="Awards_SubMenu" finished-at="2024-10-16T10:08:06 IST" duration-ms="575" status="PASS">
          <reporter-output>
          </reporter-output>
        </test-method> <!-- Awards_SubMenu -->
        <test-method is-config="true" signature="URL_Call()[pri:0, instance:Home_Page_Menu.Header_About_Us_SubMenu@2362f559]" started-at="2024-10-16T10:08:06 IST" name="URL_Call" finished-at="2024-10-16T10:08:06 IST" duration-ms="153" status="PASS">
          <reporter-output>
          </reporter-output>
        </test-method> <!-- URL_Call -->
        <test-method signature="Partner_With_Us_SubMenu()[pri:8, instance:Home_Page_Menu.Header_About_Us_SubMenu@2362f559]" started-at="2024-10-16T10:08:06 IST" name="Partner_With_Us_SubMenu" finished-at="2024-10-16T10:08:07 IST" duration-ms="546" status="PASS">
          <reporter-output>
          </reporter-output>
        </test-method> <!-- Partner_With_Us_SubMenu -->
        <test-method is-config="true" signature="URL_Call()[pri:0, instance:Home_Page_Menu.Header_About_Us_SubMenu@2362f559]" started-at="2024-10-16T10:08:07 IST" name="URL_Call" finished-at="2024-10-16T10:08:07 IST" duration-ms="126" status="PASS">
          <reporter-output>
          </reporter-output>
        </test-method> <!-- URL_Call -->
        <test-method signature="Testimonials_SubMenu()[pri:9, instance:Home_Page_Menu.Header_About_Us_SubMenu@2362f559]" started-at="2024-10-16T10:08:07 IST" name="Testimonials_SubMenu" finished-at="2024-10-16T10:08:08 IST" duration-ms="627" status="PASS">
          <reporter-output>
          </reporter-output>
        </test-method> <!-- Testimonials_SubMenu -->
        <test-method is-config="true" signature="URL_Call()[pri:0, instance:Home_Page_Menu.Header_About_Us_SubMenu@2362f559]" started-at="2024-10-16T10:08:08 IST" name="URL_Call" finished-at="2024-10-16T10:08:08 IST" duration-ms="154" status="PASS">
          <reporter-output>
          </reporter-output>
        </test-method> <!-- URL_Call -->
        <test-method signature="Vendor_Registration_SubMenu()[pri:10, instance:Home_Page_Menu.Header_About_Us_SubMenu@2362f559]" started-at="2024-10-16T10:08:08 IST" name="Vendor_Registration_SubMenu" finished-at="2024-10-16T10:08:09 IST" duration-ms="560" status="PASS">
          <reporter-output>
          </reporter-output>
        </test-method> <!-- Vendor_Registration_SubMenu -->
        <test-method is-config="true" signature="URL_Call()[pri:0, instance:Home_Page_Menu.Header_About_Us_SubMenu@2362f559]" started-at="2024-10-16T10:08:09 IST" name="URL_Call" finished-at="2024-10-16T10:08:09 IST" duration-ms="254" status="PASS">
          <reporter-output>
          </reporter-output>
        </test-method> <!-- URL_Call -->
        <test-method signature="Technologies_SubMenu()[pri:11, instance:Home_Page_Menu.Header_About_Us_SubMenu@2362f559]" started-at="2024-10-16T10:08:09 IST" name="Technologies_SubMenu" finished-at="2024-10-16T10:08:09 IST" duration-ms="604" status="PASS">
          <reporter-output>
          </reporter-output>
        </test-method> <!-- Technologies_SubMenu -->
        <test-method is-config="true" signature="URL_Call()[pri:0, instance:Home_Page_Menu.Header_About_Us_SubMenu@2362f559]" started-at="2024-10-16T10:08:10 IST" name="URL_Call" finished-at="2024-10-16T10:08:10 IST" duration-ms="212" status="PASS">
          <reporter-output>
          </reporter-output>
        </test-method> <!-- URL_Call -->
        <test-method signature="Methodology_SubMenu()[pri:12, instance:Home_Page_Menu.Header_About_Us_SubMenu@2362f559]" started-at="2024-10-16T10:08:10 IST" name="Methodology_SubMenu" finished-at="2024-10-16T10:08:10 IST" duration-ms="597" status="PASS">
          <reporter-output>
          </reporter-output>
        </test-method> <!-- Methodology_SubMenu -->
        <test-method is-config="true" signature="URL_Call()[pri:0, instance:Home_Page_Menu.Header_About_Us_SubMenu@2362f559]" started-at="2024-10-16T10:08:10 IST" name="URL_Call" finished-at="2024-10-16T10:08:11 IST" duration-ms="137" status="PASS">
          <reporter-output>
          </reporter-output>
        </test-method> <!-- URL_Call -->
        <test-method signature="Alliances_SubMenu()[pri:13, instance:Home_Page_Menu.Header_About_Us_SubMenu@2362f559]" started-at="2024-10-16T10:08:11 IST" name="Alliances_SubMenu" finished-at="2024-10-16T10:08:11 IST" duration-ms="571" status="PASS">
          <reporter-output>
          </reporter-output>
        </test-method> <!-- Alliances_SubMenu -->
        <test-method is-config="true" signature="URL_Call()[pri:0, instance:Home_Page_Menu.Header_About_Us_SubMenu@2362f559]" started-at="2024-10-16T10:08:11 IST" name="URL_Call" finished-at="2024-10-16T10:08:11 IST" duration-ms="151" status="PASS">
          <reporter-output>
          </reporter-output>
        </test-method> <!-- URL_Call -->
        <test-method signature="Infrastructure_SubMenu()[pri:14, instance:Home_Page_Menu.Header_About_Us_SubMenu@2362f559]" started-at="2024-10-16T10:08:11 IST" name="Infrastructure_SubMenu" finished-at="2024-10-16T10:08:12 IST" duration-ms="575" status="PASS">
          <reporter-output>
          </reporter-output>
        </test-method> <!-- Infrastructure_SubMenu -->
        <test-method is-config="true" signature="URL_Call()[pri:0, instance:Home_Page_Menu.Header_About_Us_SubMenu@2362f559]" started-at="2024-10-16T10:08:12 IST" name="URL_Call" finished-at="2024-10-16T10:08:12 IST" duration-ms="200" status="PASS">
          <reporter-output>
          </reporter-output>
        </test-method> <!-- URL_Call -->
        <test-method signature="Group_Companies_SubMenu()[pri:15, instance:Home_Page_Menu.Header_About_Us_SubMenu@2362f559]" started-at="2024-10-16T10:08:12 IST" name="Group_Companies_SubMenu" finished-at="2024-10-16T10:08:13 IST" duration-ms="583" status="PASS">
          <reporter-output>
          </reporter-output>
        </test-method> <!-- Group_Companies_SubMenu -->
        <test-method is-config="true" signature="tearDown()[pri:0, instance:Home_Page_Menu.Header_About_Us_SubMenu@2362f559]" started-at="2024-10-16T10:08:13 IST" name="tearDown" finished-at="2024-10-16T10:08:14 IST" duration-ms="901" status="PASS">
          <reporter-output>
          </reporter-output>
        </test-method> <!-- tearDown -->
      </class> <!-- Home_Page_Menu.Header_About_Us_SubMenu -->
    </test> <!-- DCI_Site_Functional_Testing -->
  </suite> <!-- About_Us_Submenu -->
  <suite started-at="2024-10-16T10:04:28 IST" name="Form_Validation" finished-at="2024-10-16T10:06:43 IST" duration-ms="135230">
    <groups>
    </groups>
    <test started-at="2024-10-16T10:04:28 IST" name="DCI_Site_Functional_Testing" finished-at="2024-10-16T10:06:43 IST" duration-ms="135230">
      <class name="Form_Filling_Test.Forms_Validation">
        <test-method is-config="true" signature="setup(java.lang.String)[pri:0, instance:Form_Filling_Test.Forms_Validation@f5958c9]" started-at="2024-10-16T10:04:28 IST" name="setup" finished-at="2024-10-16T10:04:33 IST" duration-ms="5544" status="PASS">
          <params>
            <param index="0">
              <value>
                <![CDATA[firefox]]>
              </value>
            </param>
          </params>
          <reporter-output>
          </reporter-output>
        </test-method> <!-- setup -->
        <test-method is-config="true" signature="URL_Call()[pri:0, instance:Form_Filling_Test.Forms_Validation@f5958c9]" started-at="2024-10-16T10:04:33 IST" name="URL_Call" finished-at="2024-10-16T10:04:35 IST" duration-ms="1201" status="PASS">
          <reporter-output>
          </reporter-output>
        </test-method> <!-- URL_Call -->
        <test-method signature="ContactForm()[pri:1, instance:Form_Filling_Test.Forms_Validation@f5958c9]" started-at="2024-10-16T10:04:35 IST" name="ContactForm" finished-at="2024-10-16T10:05:32 IST" duration-ms="57611" status="PASS">
          <reporter-output>
          </reporter-output>
        </test-method> <!-- ContactForm -->
        <test-method is-config="true" signature="URL_Call()[pri:0, instance:Form_Filling_Test.Forms_Validation@f5958c9]" started-at="2024-10-16T10:05:32 IST" name="URL_Call" finished-at="2024-10-16T10:05:33 IST" duration-ms="467" status="PASS">
          <reporter-output>
          </reporter-output>
        </test-method> <!-- URL_Call -->
        <test-method signature="GetQuoteForm()[pri:2, instance:Form_Filling_Test.Forms_Validation@f5958c9]" started-at="2024-10-16T10:05:33 IST" name="GetQuoteForm" finished-at="2024-10-16T10:05:48 IST" duration-ms="15175" status="PASS">
          <reporter-output>
          </reporter-output>
        </test-method> <!-- GetQuoteForm -->
        <test-method is-config="true" signature="URL_Call()[pri:0, instance:Form_Filling_Test.Forms_Validation@f5958c9]" started-at="2024-10-16T10:05:48 IST" name="URL_Call" finished-at="2024-10-16T10:05:48 IST" duration-ms="184" status="PASS">
          <reporter-output>
          </reporter-output>
        </test-method> <!-- URL_Call -->
        <test-method signature="QuickConsultationForm()[pri:3, instance:Form_Filling_Test.Forms_Validation@f5958c9]" started-at="2024-10-16T10:05:48 IST" name="QuickConsultationForm" finished-at="2024-10-16T10:06:02 IST" duration-ms="14154" status="PASS">
          <reporter-output>
          </reporter-output>
        </test-method> <!-- QuickConsultationForm -->
        <test-method is-config="true" signature="URL_Call()[pri:0, instance:Form_Filling_Test.Forms_Validation@f5958c9]" started-at="2024-10-16T10:06:02 IST" name="URL_Call" finished-at="2024-10-16T10:06:03 IST" duration-ms="334" status="PASS">
          <reporter-output>
          </reporter-output>
        </test-method> <!-- URL_Call -->
        <test-method signature="JobApplicationForm()[pri:4, instance:Form_Filling_Test.Forms_Validation@f5958c9]" started-at="2024-10-16T10:06:03 IST" name="JobApplicationForm" finished-at="2024-10-16T10:06:08 IST" duration-ms="5170" status="FAIL">
          <exception class="org.openqa.selenium.NoSuchElementException">
            <message>
              <![CDATA[Unable to locate element: #wpforms\-50096\-field_1
For documentation on this error, please visit: https://www.selenium.dev/documentation/webdriver/troubleshooting/errors#no-such-element-exception
Build info: version: '4.18.1', revision: 'b1d3319b48'
System info: os.name: 'Windows 10', os.arch: 'amd64', os.version: '10.0', java.version: '21.0.3'
Driver info: org.openqa.selenium.firefox.FirefoxDriver
Command: [a04337b2-82d5-4736-a53f-280dedbb1298, findElement {using=id, value=wpforms-50096-field_1}]
Capabilities {acceptInsecureCerts: true, browserName: firefox, browserVersion: 131.0.2, moz:accessibilityChecks: false, moz:buildID: 20241008210941, moz:geckodriverVersion: 0.35.0, moz:headless: false, moz:platformVersion: 10.0, moz:processID: 4836, moz:profile: C:\Users\RAMPRA~1\AppData\L..., moz:shutdownTimeout: 60000, moz:webdriverClick: true, moz:windowless: false, pageLoadStrategy: normal, platformName: windows, proxy: Proxy(), setWindowRect: true, strictFileInteractability: false, timeouts: {implicit: 0, pageLoad: 300000, script: 30000}, unhandledPromptBehavior: dismiss and notify, userAgent: Mozilla/5.0 (Windows NT 10....}
Session ID: a04337b2-82d5-4736-a53f-280dedbb1298]]>
            </message>
            <full-stacktrace>
              <![CDATA[org.openqa.selenium.NoSuchElementException: Unable to locate element: #wpforms\-50096\-field_1
For documentation on this error, please visit: https://www.selenium.dev/documentation/webdriver/troubleshooting/errors#no-such-element-exception
Build info: version: '4.18.1', revision: 'b1d3319b48'
System info: os.name: 'Windows 10', os.arch: 'amd64', os.version: '10.0', java.version: '21.0.3'
Driver info: org.openqa.selenium.firefox.FirefoxDriver
Command: [a04337b2-82d5-4736-a53f-280dedbb1298, findElement {using=id, value=wpforms-50096-field_1}]
Capabilities {acceptInsecureCerts: true, browserName: firefox, browserVersion: 131.0.2, moz:accessibilityChecks: false, moz:buildID: 20241008210941, moz:geckodriverVersion: 0.35.0, moz:headless: false, moz:platformVersion: 10.0, moz:processID: 4836, moz:profile: C:\Users\RAMPRA~1\AppData\L..., moz:shutdownTimeout: 60000, moz:webdriverClick: true, moz:windowless: false, pageLoadStrategy: normal, platformName: windows, proxy: Proxy(), setWindowRect: true, strictFileInteractability: false, timeouts: {implicit: 0, pageLoad: 300000, script: 30000}, unhandledPromptBehavior: dismiss and notify, userAgent: Mozilla/5.0 (Windows NT 10....}
Session ID: a04337b2-82d5-4736-a53f-280dedbb1298
at java.base/jdk.internal.reflect.DirectConstructorHandleAccessor.newInstance(DirectConstructorHandleAccessor.java:62)
at java.base/java.lang.reflect.Constructor.newInstanceWithCaller(Constructor.java:502)
at java.base/java.lang.reflect.Constructor.newInstance(Constructor.java:486)
at org.openqa.selenium.remote.ErrorCodec.decode(ErrorCodec.java:167)
at org.openqa.selenium.remote.codec.w3c.W3CHttpResponseCodec.decode(W3CHttpResponseCodec.java:138)
at org.openqa.selenium.remote.codec.w3c.W3CHttpResponseCodec.decode(W3CHttpResponseCodec.java:50)
at org.openqa.selenium.remote.HttpCommandExecutor.execute(HttpCommandExecutor.java:190)
at org.openqa.selenium.remote.service.DriverCommandExecutor.invokeExecute(DriverCommandExecutor.java:216)
at org.openqa.selenium.remote.service.DriverCommandExecutor.execute(DriverCommandExecutor.java:174)
at org.openqa.selenium.remote.RemoteWebDriver.execute(RemoteWebDriver.java:519)
at org.openqa.selenium.remote.ElementLocation$ElementFinder$2.findElement(ElementLocation.java:165)
at org.openqa.selenium.remote.ElementLocation.findElement(ElementLocation.java:59)
at org.openqa.selenium.remote.RemoteWebDriver.findElement(RemoteWebDriver.java:356)
at org.openqa.selenium.remote.RemoteWebDriver.findElement(RemoteWebDriver.java:350)
at Home_Page_Menu.Base_Class.locatorId(Base_Class.java:206)
at Form_Filling_Test.Forms_Validation.JobApplicationForm(Forms_Validation.java:146)
at java.base/jdk.internal.reflect.DirectMethodHandleAccessor.invoke(DirectMethodHandleAccessor.java:103)
at java.base/java.lang.reflect.Method.invoke(Method.java:580)
at org.testng.internal.invokers.MethodInvocationHelper.invokeMethod(MethodInvocationHelper.java:139)
at org.testng.internal.invokers.TestInvoker.invokeMethod(TestInvoker.java:664)
at org.testng.internal.invokers.TestInvoker.invokeTestMethod(TestInvoker.java:228)
at org.testng.internal.invokers.MethodRunner.runInSequence(MethodRunner.java:63)
at org.testng.internal.invokers.TestInvoker$MethodInvocationAgent.invoke(TestInvoker.java:961)
at org.testng.internal.invokers.TestInvoker.invokeTestMethods(TestInvoker.java:201)
at org.testng.internal.invokers.TestMethodWorker.invokeTestMethods(TestMethodWorker.java:148)
at org.testng.internal.invokers.TestMethodWorker.run(TestMethodWorker.java:128)
at java.base/java.util.ArrayList.forEach(ArrayList.java:1596)
at org.testng.TestRunner.privateRun(TestRunner.java:819)
at org.testng.TestRunner.run(TestRunner.java:619)
at org.testng.SuiteRunner.runTest(SuiteRunner.java:443)
at org.testng.SuiteRunner.runSequentially(SuiteRunner.java:437)
at org.testng.SuiteRunner.privateRun(SuiteRunner.java:397)
at org.testng.SuiteRunner.run(SuiteRunner.java:336)
at org.testng.SuiteRunnerWorker.runSuite(SuiteRunnerWorker.java:52)
at org.testng.SuiteRunnerWorker.run(SuiteRunnerWorker.java:95)
at org.testng.TestNG.runSuitesSequentially(TestNG.java:1301)
at org.testng.TestNG.runSuitesSequentially(TestNG.java:1296)
at org.testng.TestNG.runSuitesLocally(TestNG.java:1228)
at org.testng.TestNG.runSuites(TestNG.java:1134)
at org.testng.TestNG.run(TestNG.java:1101)
at org.apache.maven.surefire.testng.TestNGExecutor.run(TestNGExecutor.java:308)
at org.apache.maven.surefire.testng.TestNGXmlTestSuite.execute(TestNGXmlTestSuite.java:71)
at org.apache.maven.surefire.testng.TestNGProvider.invoke(TestNGProvider.java:113)
at org.apache.maven.surefire.booter.ForkedBooter.runSuitesInProcess(ForkedBooter.java:385)
at org.apache.maven.surefire.booter.ForkedBooter.execute(ForkedBooter.java:162)
at org.apache.maven.surefire.booter.ForkedBooter.run(ForkedBooter.java:507)
at org.apache.maven.surefire.booter.ForkedBooter.main(ForkedBooter.java:495)
]]>
            </full-stacktrace>
          </exception> <!-- org.openqa.selenium.NoSuchElementException -->
          <reporter-output>
          </reporter-output>
        </test-method> <!-- JobApplicationForm -->
        <test-method is-config="true" signature="URL_Call()[pri:0, instance:Form_Filling_Test.Forms_Validation@f5958c9]" started-at="2024-10-16T10:06:08 IST" name="URL_Call" finished-at="2024-10-16T10:06:08 IST" duration-ms="265" status="PASS">
          <reporter-output>
          </reporter-output>
        </test-method> <!-- URL_Call -->
        <test-method signature="SendMessageForm()[pri:5, instance:Form_Filling_Test.Forms_Validation@f5958c9]" started-at="2024-10-16T10:06:08 IST" name="SendMessageForm" finished-at="2024-10-16T10:06:14 IST" duration-ms="6057" status="PASS">
          <reporter-output>
          </reporter-output>
        </test-method> <!-- SendMessageForm -->
        <test-method is-config="true" signature="URL_Call()[pri:0, instance:Form_Filling_Test.Forms_Validation@f5958c9]" started-at="2024-10-16T10:06:15 IST" name="URL_Call" finished-at="2024-10-16T10:06:15 IST" duration-ms="416" status="PASS">
          <reporter-output>
          </reporter-output>
        </test-method> <!-- URL_Call -->
        <test-method signature="Vendor_Form_Filling()[pri:6, instance:Form_Filling_Test.Forms_Validation@f5958c9]" started-at="2024-10-16T10:06:15 IST" name="Vendor_Form_Filling" finished-at="2024-10-16T10:06:42 IST" duration-ms="27323" status="PASS">
          <reporter-output>
          </reporter-output>
        </test-method> <!-- Vendor_Form_Filling -->
        <test-method is-config="true" signature="tearDown()[pri:0, instance:Form_Filling_Test.Forms_Validation@f5958c9]" started-at="2024-10-16T10:06:42 IST" name="tearDown" finished-at="2024-10-16T10:06:43 IST" duration-ms="780" status="PASS">
          <reporter-output>
          </reporter-output>
        </test-method> <!-- tearDown -->
      </class> <!-- Form_Filling_Test.Forms_Validation -->
    </test> <!-- DCI_Site_Functional_Testing -->
  </suite> <!-- Form_Validation -->
  <suite started-at="2024-10-16T10:12:12 IST" name="Functional_Test" finished-at="2024-10-16T10:12:12 IST" duration-ms="0">
    <groups>
    </groups>
  </suite> <!-- Functional_Test -->
  <suite started-at="2024-10-16T10:07:37 IST" name="Home_Page_Body" finished-at="2024-10-16T10:07:56 IST" duration-ms="18964">
    <groups>
    </groups>
    <test started-at="2024-10-16T10:07:37 IST" name="DCI_Site_Functional_Testing" finished-at="2024-10-16T10:07:56 IST" duration-ms="18964">
      <class name="Home_Page_Menu.Home_Menu_Body">
        <test-method is-config="true" signature="setup(java.lang.String)[pri:0, instance:Home_Page_Menu.Home_Menu_Body@7a8c8dcf]" started-at="2024-10-16T10:07:37 IST" name="setup" finished-at="2024-10-16T10:07:40 IST" duration-ms="3133" status="PASS">
          <params>
            <param index="0">
              <value>
                <![CDATA[firefox]]>
              </value>
            </param>
          </params>
          <reporter-output>
          </reporter-output>
        </test-method> <!-- setup -->
        <test-method is-config="true" signature="URl_Call()[pri:0, instance:Home_Page_Menu.Home_Menu_Body@7a8c8dcf]" started-at="2024-10-16T10:07:40 IST" name="URl_Call" finished-at="2024-10-16T10:07:41 IST" duration-ms="1073" status="PASS">
          <reporter-output>
          </reporter-output>
        </test-method> <!-- URl_Call -->
        <test-method signature="Get_In_Touch_1_button()[pri:1, instance:Home_Page_Menu.Home_Menu_Body@7a8c8dcf]" started-at="2024-10-16T10:07:41 IST" name="Get_In_Touch_1_button" finished-at="2024-10-16T10:07:46 IST" duration-ms="4390" status="PASS">
          <reporter-output>
          </reporter-output>
        </test-method> <!-- Get_In_Touch_1_button -->
        <test-method is-config="true" signature="URl_Call()[pri:0, instance:Home_Page_Menu.Home_Menu_Body@7a8c8dcf]" started-at="2024-10-16T10:07:46 IST" name="URl_Call" finished-at="2024-10-16T10:07:46 IST" duration-ms="164" status="PASS">
          <reporter-output>
          </reporter-output>
        </test-method> <!-- URl_Call -->
        <test-method signature="Get_In_Touch_2_button()[pri:2, instance:Home_Page_Menu.Home_Menu_Body@7a8c8dcf]" started-at="2024-10-16T10:07:46 IST" name="Get_In_Touch_2_button" finished-at="2024-10-16T10:07:52 IST" duration-ms="5863" status="PASS">
          <reporter-output>
          </reporter-output>
        </test-method> <!-- Get_In_Touch_2_button -->
        <test-method is-config="true" signature="URl_Call()[pri:0, instance:Home_Page_Menu.Home_Menu_Body@7a8c8dcf]" started-at="2024-10-16T10:07:52 IST" name="URl_Call" finished-at="2024-10-16T10:07:52 IST" duration-ms="161" status="PASS">
          <reporter-output>
          </reporter-output>
        </test-method> <!-- URl_Call -->
        <test-method signature="Get_In_Touch_3_button()[pri:3, instance:Home_Page_Menu.Home_Menu_Body@7a8c8dcf]" started-at="2024-10-16T10:07:52 IST" name="Get_In_Touch_3_button" finished-at="2024-10-16T10:07:55 IST" duration-ms="2671" status="PASS">
          <reporter-output>
          </reporter-output>
        </test-method> <!-- Get_In_Touch_3_button -->
        <test-method is-config="true" signature="tearDown()[pri:0, instance:Home_Page_Menu.Home_Menu_Body@7a8c8dcf]" started-at="2024-10-16T10:07:55 IST" name="tearDown" finished-at="2024-10-16T10:07:56 IST" duration-ms="1066" status="PASS">
          <reporter-output>
          </reporter-output>
        </test-method> <!-- tearDown -->
      </class> <!-- Home_Page_Menu.Home_Menu_Body -->
    </test> <!-- DCI_Site_Functional_Testing -->
  </suite> <!-- Home_Page_Body -->
  <suite started-at="2024-10-16T10:01:20 IST" name="Header_Menu" finished-at="2024-10-16T10:04:27 IST" duration-ms="187020">
    <groups>
    </groups>
    <test started-at="2024-10-16T10:01:20 IST" name="DCI_Site_Functional_Testing" finished-at="2024-10-16T10:04:27 IST" duration-ms="187020">
      <class name="Home_Page_Menu.Header_Menu_Header">
        <test-method is-config="true" signature="setup(java.lang.String)[pri:0, instance:Home_Page_Menu.Header_Menu_Header@36fc695d]" started-at="2024-10-16T10:01:20 IST" name="setup" finished-at="2024-10-16T10:01:24 IST" duration-ms="4430" status="PASS">
          <params>
            <param index="0">
              <value>
                <![CDATA[firefox]]>
              </value>
            </param>
          </params>
          <reporter-output>
          </reporter-output>
        </test-method> <!-- setup -->
        <test-method is-config="true" signature="URL_Call()[pri:0, instance:Home_Page_Menu.Header_Menu_Header@36fc695d]" started-at="2024-10-16T10:01:24 IST" name="URL_Call" finished-at="2024-10-16T10:01:26 IST" duration-ms="1344" status="PASS">
          <reporter-output>
          </reporter-output>
        </test-method> <!-- URL_Call -->
        <test-method signature="Logo()[pri:1, instance:Home_Page_Menu.Header_Menu_Header@36fc695d]" started-at="2024-10-16T10:01:26 IST" name="Logo" finished-at="2024-10-16T10:02:08 IST" duration-ms="42659" status="PASS">
          <reporter-output>
          </reporter-output>
        </test-method> <!-- Logo -->
        <test-method is-config="true" signature="URL_Call()[pri:0, instance:Home_Page_Menu.Header_Menu_Header@36fc695d]" started-at="2024-10-16T10:02:09 IST" name="URL_Call" finished-at="2024-10-16T10:02:09 IST" duration-ms="182" status="PASS">
          <reporter-output>
          </reporter-output>
        </test-method> <!-- URL_Call -->
        <test-method signature="Home_Menu()[pri:2, instance:Home_Page_Menu.Header_Menu_Header@36fc695d]" started-at="2024-10-16T10:02:09 IST" name="Home_Menu" finished-at="2024-10-16T10:02:09 IST" duration-ms="360" status="PASS">
          <reporter-output>
          </reporter-output>
        </test-method> <!-- Home_Menu -->
        <test-method is-config="true" signature="URL_Call()[pri:0, instance:Home_Page_Menu.Header_Menu_Header@36fc695d]" started-at="2024-10-16T10:02:09 IST" name="URL_Call" finished-at="2024-10-16T10:02:09 IST" duration-ms="128" status="PASS">
          <reporter-output>
          </reporter-output>
        </test-method> <!-- URL_Call -->
        <test-method signature="About_Us_Menu()[pri:3, instance:Home_Page_Menu.Header_Menu_Header@36fc695d]" started-at="2024-10-16T10:02:09 IST" name="About_Us_Menu" finished-at="2024-10-16T10:02:52 IST" duration-ms="42535" status="PASS">
          <reporter-output>
          </reporter-output>
        </test-method> <!-- About_Us_Menu -->
        <test-method is-config="true" signature="URL_Call()[pri:0, instance:Home_Page_Menu.Header_Menu_Header@36fc695d]" started-at="2024-10-16T10:02:52 IST" name="URL_Call" finished-at="2024-10-16T10:02:52 IST" duration-ms="187" status="PASS">
          <reporter-output>
          </reporter-output>
        </test-method> <!-- URL_Call -->
        <test-method signature="Get_Quote_Menu()[pri:4, instance:Home_Page_Menu.Header_Menu_Header@36fc695d]" started-at="2024-10-16T10:02:52 IST" name="Get_Quote_Menu" finished-at="2024-10-16T10:02:54 IST" duration-ms="1322" status="PASS">
          <reporter-output>
          </reporter-output>
        </test-method> <!-- Get_Quote_Menu -->
        <test-method is-config="true" signature="URL_Call()[pri:0, instance:Home_Page_Menu.Header_Menu_Header@36fc695d]" started-at="2024-10-16T10:02:54 IST" name="URL_Call" finished-at="2024-10-16T10:02:54 IST" duration-ms="783" status="PASS">
          <reporter-output>
          </reporter-output>
        </test-method> <!-- URL_Call -->
        <test-method signature="Contact_Menu()[pri:5, instance:Home_Page_Menu.Header_Menu_Header@36fc695d]" started-at="2024-10-16T10:02:54 IST" name="Contact_Menu" finished-at="2024-10-16T10:03:37 IST" duration-ms="42519" status="PASS">
          <reporter-output>
          </reporter-output>
        </test-method> <!-- Contact_Menu -->
        <test-method is-config="true" signature="URL_Call()[pri:0, instance:Home_Page_Menu.Header_Menu_Header@36fc695d]" started-at="2024-10-16T10:03:37 IST" name="URL_Call" finished-at="2024-10-16T10:03:37 IST" duration-ms="210" status="PASS">
          <reporter-output>
          </reporter-output>
        </test-method> <!-- URL_Call -->
        <test-method signature="Portfolio_Menu()[pri:6, instance:Home_Page_Menu.Header_Menu_Header@36fc695d]" started-at="2024-10-16T10:03:37 IST" name="Portfolio_Menu" finished-at="2024-10-16T10:03:39 IST" duration-ms="1459" status="PASS">
          <reporter-output>
          </reporter-output>
        </test-method> <!-- Portfolio_Menu -->
        <test-method is-config="true" signature="URL_Call()[pri:0, instance:Home_Page_Menu.Header_Menu_Header@36fc695d]" started-at="2024-10-16T10:03:39 IST" name="URL_Call" finished-at="2024-10-16T10:03:39 IST" duration-ms="187" status="PASS">
          <reporter-output>
          </reporter-output>
        </test-method> <!-- URL_Call -->
        <test-method signature="Blog_Menu()[pri:7, instance:Home_Page_Menu.Header_Menu_Header@36fc695d]" started-at="2024-10-16T10:03:39 IST" name="Blog_Menu" finished-at="2024-10-16T10:04:22 IST" duration-ms="42514" status="PASS">
          <reporter-output>
          </reporter-output>
        </test-method> <!-- Blog_Menu -->
        <test-method is-config="true" signature="URL_Call()[pri:0, instance:Home_Page_Menu.Header_Menu_Header@36fc695d]" started-at="2024-10-16T10:04:22 IST" name="URL_Call" finished-at="2024-10-16T10:04:22 IST" duration-ms="229" status="PASS">
          <reporter-output>
          </reporter-output>
        </test-method> <!-- URL_Call -->
        <test-method signature="Contact_Telephone_Icon_Menu()[pri:8, instance:Home_Page_Menu.Header_Menu_Header@36fc695d]" started-at="2024-10-16T10:04:22 IST" name="Contact_Telephone_Icon_Menu" finished-at="2024-10-16T10:04:26 IST" duration-ms="4219" status="PASS">
          <reporter-output>
          </reporter-output>
        </test-method> <!-- Contact_Telephone_Icon_Menu -->
        <test-method is-config="true" signature="tearDown()[pri:0, instance:Home_Page_Menu.Header_Menu_Header@36fc695d]" started-at="2024-10-16T10:04:26 IST" name="tearDown" finished-at="2024-10-16T10:04:27 IST" duration-ms="569" status="PASS">
          <reporter-output>
          </reporter-output>
        </test-method> <!-- tearDown -->
      </class> <!-- Home_Page_Menu.Header_Menu_Header -->
    </test> <!-- DCI_Site_Functional_Testing -->
  </suite> <!-- Header_Menu -->
</testng-results>
