<?xml version="1.0" encoding="UTF-8"?>
<testsuite xmlns:xsi="http://www.w3.org/2001/XMLSchema-instance" xsi:noNamespaceSchemaLocation="https://maven.apache.org/surefire/maven-surefire-plugin/xsd/surefire-test-report-3.0.xsd" version="3.0" name="TestSuite" time="457.709" tests="121" errors="0" skipped="0" failures="1">
  <properties>
[...]
</properties>
  <testcase name="Logo" classname="Home_Page_Menu.Header_Menu_Header" time="0.414">
    <system-out><![CDATA[URL Entered
LOGO Validated
]]></system-out>
    <system-err><![CDATA[SLF4J: Failed to load class "org.slf4j.impl.StaticLoggerBinder".
SLF4J: Defaulting to no-operation (NOP) logger implementation
SLF4J: See http://www.slf4j.org/codes.html#StaticLoggerBinder for further details.
Jan 08, 2025 9:42:25 AM org.openqa.selenium.devtools.CdpVersionFinder findNearestMatch
WARNING: Unable to find CDP implementation matching 131
Jan 08, 2025 9:42:25 AM org.openqa.selenium.chromium.ChromiumDriver lambda$new$5
WARNING: Unable to find version of CDP to use for 131.0.6778.205. You may need to include a dependency on a specific version of the CDP using something similar to `org.seleniumhq.selenium:selenium-devtools-v86:4.18.1` where the version ("v86") matches the version of the chromium-based browser you're using and the version number of the artifact is the same as Selenium's.
log4j:WARN No appenders could be found for logger (Home_Page_Menu.Header_Menu_Header).
log4j:WARN Please initialize the log4j system properly.
log4j:WARN See http://logging.apache.org/log4j/1.2/faq.html#noconfig for more info.
]]></system-err>
  </testcase>
  <testcase name="Home_Menu" classname="Home_Page_Menu.Header_Menu_Header" time="0.344">
    <system-out><![CDATA[URL Entered
Home Menu Validated
]]></system-out>
  </testcase>
  <testcase name="About_Us_Menu" classname="Home_Page_Menu.Header_Menu_Header" time="3.096">
    <system-out><![CDATA[URL Entered
About Us Menu Validated
]]></system-out>
  </testcase>
  <testcase name="Get_Quote_Menu" classname="Home_Page_Menu.Header_Menu_Header" time="1.71">
    <system-out><![CDATA[URL Entered
Get_Quote Menu Validated
]]></system-out>
  </testcase>
  <testcase name="Contact_Menu" classname="Home_Page_Menu.Header_Menu_Header" time="0.73">
    <system-out><![CDATA[URL Entered
Contact Menu Validated
]]></system-out>
  </testcase>
  <testcase name="Portfolio_Menu" classname="Home_Page_Menu.Header_Menu_Header" time="1.099">
    <system-out><![CDATA[URL Entered
Portfolio Menu Validated
]]></system-out>
  </testcase>
  <testcase name="Blog_Menu" classname="Home_Page_Menu.Header_Menu_Header" time="0.788">
    <system-out><![CDATA[URL Entered
Blog Menu Validated
]]></system-out>
  </testcase>
  <testcase name="Contact_Telephone_Icon_Menu" classname="Home_Page_Menu.Header_Menu_Header" time="4.839">
    <system-out><![CDATA[URL Entered
Contact Telephone Icon Validated
]]></system-out>
  </testcase>
  <testcase name="ContactForm" classname="Form_Filling_Test.Forms_Validation" time="14.443">
    <system-out><![CDATA[URL Entered
Name Field Validated
Email Field Validated
Company Name Validated
Select Interest is Validated
Budget Field is Validated
Requirement Field is validated
Contact form Validated
]]></system-out>
    <system-err><![CDATA[Jan 08, 2025 9:42:46 AM org.openqa.selenium.devtools.CdpVersionFinder findNearestMatch
WARNING: Unable to find CDP implementation matching 131
Jan 08, 2025 9:42:46 AM org.openqa.selenium.chromium.ChromiumDriver lambda$new$5
WARNING: Unable to find version of CDP to use for 131.0.6778.205. You may need to include a dependency on a specific version of the CDP using something similar to `org.seleniumhq.selenium:selenium-devtools-v86:4.18.1` where the version ("v86") matches the version of the chromium-based browser you're using and the version number of the artifact is the same as Selenium's.
]]></system-err>
  </testcase>
  <testcase name="GetQuoteForm" classname="Form_Filling_Test.Forms_Validation" time="13.912">
    <system-out><![CDATA[URL Entered
Name Field Validated
Email Field Validated
Company Name Field Validated
Select Interest is Validated
Budget Field is Validated
Requirement Field is validated
Get Quote Form Validated
]]></system-out>
  </testcase>
  <testcase name="QuickConsultationForm" classname="Form_Filling_Test.Forms_Validation" time="12.172">
    <system-out><![CDATA[URL Entered
Name Field Validated
Email Field Validated
Select Interest is Validated
Budget Field is Validated
Requirement Field is validated
Quick Consultation form Validated
]]></system-out>
  </testcase>
  <testcase name="JobApplicationForm" classname="Form_Filling_Test.Forms_Validation" time="30.062">
    <system-out><![CDATA[URL Entered
Job Application Menu clicked
Name Field Validated
Email Field Validated
phone number field validated
Select Post is Validated
Location Field is Validated
Search Engine Field is Validated
Gender Field Vaidated
Year of Experience Field is Validated
Month of experience Field is Validated
Highest Qualification field is validated
Key Skills field is validated
Current Designation field is validated
Current Location Field is validated
Job Allication Form Validated
]]></system-out>
  </testcase>
  <testcase name="SendMessageForm" classname="Form_Filling_Test.Forms_Validation" time="12.233">
    <system-out><![CDATA[URL Entered
Moved to Home Element
Online is Clicked
Moved to Home Element
Frame Closer Vaidated
Online is Clicked
Moved to Home Element
Name Field Validated
Email Field Validated
Phone Field Validated
Interested service validated
Requirement field Validated
Frame Closer Vaidated
Send Message form Validated
]]></system-out>
  </testcase>
  <testcase name="Vendor_Form_Filling" classname="Form_Filling_Test.Forms_Validation" time="23.89">
    <system-out><![CDATA[URL Entered
Submenu clicked
Name of the company Field Validated
Number of employees is Validated
Company Type is Validated
Industry Experience Field is Validated
TEch Expertise is Validated
Tax ID Field Validated
Registration Number Field Validated
Address Field Validated
City Field Validated
Website Field Validated
Portfolio URL Field Validated
Name of the Contact person Field Validated
Job title of contact person Field Validated
Contact Number Field Validated
Whatsapp  Field Validated
Email field Field Validated
Bank Details Field Validated
Any Relevant Certificate Field Validated
Decision Maker Field Validated
Decision maker Email Field Validated
Brief Description about the company Field Validated
Vendor Registration form Validated
]]></system-out>
  </testcase>
  <testcase name="Mobile_App_Development_SubMenu" classname="Home_Page_Menu.Header_Services_Submenu" time="0.917">
    <system-out><![CDATA[URL Entered
Mousehover to the Service Menu
Submenu clicked
Mobile App Development Sub Menu Validated
]]></system-out>
    <system-err><![CDATA[Jan 08, 2025 9:44:37 AM org.openqa.selenium.devtools.CdpVersionFinder findNearestMatch
WARNING: Unable to find CDP implementation matching 131
Jan 08, 2025 9:44:37 AM org.openqa.selenium.chromium.ChromiumDriver lambda$new$5
WARNING: Unable to find version of CDP to use for 131.0.6778.205. You may need to include a dependency on a specific version of the CDP using something similar to `org.seleniumhq.selenium:selenium-devtools-v86:4.18.1` where the version ("v86") matches the version of the chromium-based browser you're using and the version number of the artifact is the same as Selenium's.
]]></system-err>
  </testcase>
  <testcase name="Digital_Marketing_SubMenu" classname="Home_Page_Menu.Header_Services_Submenu" time="1.311">
    <system-out><![CDATA[URL Entered
Mousehover to the Service Menu
Submenu clicked
Digital Marketing Sub Menu Validated
]]></system-out>
  </testcase>
  <testcase name="Mobile_App_Marketing_Agency_SubMenu" classname="Home_Page_Menu.Header_Services_Submenu" time="1.085">
    <system-out><![CDATA[URL Entered
Mousehover to the Service Menu
Submenu clicked
Mobile App Marketing Agency Sub Menu Validated
]]></system-out>
  </testcase>
  <testcase name="Hire_Our_Dedicated_Developers_SubMenu" classname="Home_Page_Menu.Header_Services_Submenu" time="0.868">
    <system-out><![CDATA[URL Entered
Mousehover to the Service Menu
Submenu clicked
Hire Our Didicated Developers Sub Menu Validated
]]></system-out>
  </testcase>
  <testcase name="Web_Design_And_Development_SubMenu" classname="Home_Page_Menu.Header_Services_Submenu" time="0.355">
    <system-out><![CDATA[URL Entered
Mousehover to the Service Menu
Submenu clicked
Web Design and Development Sub Menu Not Clickable
]]></system-out>
  </testcase>
  <testcase name="Business_Consulting_Services_SubMenu" classname="Home_Page_Menu.Header_Services_Submenu" time="0.795">
    <system-out><![CDATA[URL Entered
Mousehover to the Service Menu
Submenu clicked
Business Consulting Services Sub Menu Validated
]]></system-out>
  </testcase>
  <testcase name="AI_Services_SubMenu" classname="Home_Page_Menu.Header_Services_Submenu" time="0.826">
    <system-out><![CDATA[URL Entered
Mousehover to the Service Menu
Submenu clicked
AI Services Sub Menu Validated
]]></system-out>
  </testcase>
  <testcase name="GIS_Services_SubMenu" classname="Home_Page_Menu.Header_Services_Submenu" time="2.423">
    <system-out><![CDATA[URL Entered
Mousehover to the Service Menu
Submenu clicked
GIS Services Sub Menu Validated
]]></system-out>
  </testcase>
  <testcase name="Whatsapp_Icon" classname="Home_Page_Menu.Social_Media_Icons_Footer" time="13.65">
    <system-out><![CDATA[URL Entered
open chat Clicked
Whatsapp Icon Validated
]]></system-out>
    <system-err><![CDATA[Jan 08, 2025 9:44:54 AM org.openqa.selenium.devtools.CdpVersionFinder findNearestMatch
WARNING: Unable to find CDP implementation matching 131
Jan 08, 2025 9:44:54 AM org.openqa.selenium.chromium.ChromiumDriver lambda$new$5
WARNING: Unable to find version of CDP to use for 131.0.6778.205. You may need to include a dependency on a specific version of the CDP using something similar to `org.seleniumhq.selenium:selenium-devtools-v86:4.18.1` where the version ("v86") matches the version of the chromium-based browser you're using and the version number of the artifact is the same as Selenium's.
]]></system-err>
  </testcase>
  <testcase name="Facebook_Icon" classname="Home_Page_Menu.Social_Media_Icons_Footer" time="3.229">
    <system-out><![CDATA[URL Entered
Facebook Icon Validated
]]></system-out>
  </testcase>
  <testcase name="Twitter_Icon" classname="Home_Page_Menu.Social_Media_Icons_Footer" time="3.915">
    <failure message="expected [true] but found [false]" type="java.lang.AssertionError"><![CDATA[java.lang.AssertionError: expected [true] but found [false]
	at org.testng.Assert.fail(Assert.java:111)
	at org.testng.Assert.failNotEquals(Assert.java:1578)
	at org.testng.Assert.assertTrue(Assert.java:57)
	at org.testng.Assert.assertTrue(Assert.java:67)
	at Base_Setup.Base_Code_Configuration.AssertFail(Base_Code_Configuration.java:329)
	at Home_Page_Menu.Social_Media_Icons_Footer.Twitter_Icon(Social_Media_Icons_Footer.java:70)
	at java.base/jdk.internal.reflect.DirectMethodHandleAccessor.invoke(DirectMethodHandleAccessor.java:103)
	at java.base/java.lang.reflect.Method.invoke(Method.java:580)
	at org.testng.internal.invokers.MethodInvocationHelper.invokeMethod(MethodInvocationHelper.java:139)
	at org.testng.internal.invokers.TestInvoker.invokeMethod(TestInvoker.java:664)
	at org.testng.internal.invokers.TestInvoker.invokeTestMethod(TestInvoker.java:228)
	at org.testng.internal.invokers.MethodRunner.runInSequence(MethodRunner.java:63)
	at org.testng.internal.invokers.TestInvoker$MethodInvocationAgent.invoke(TestInvoker.java:961)
	at org.testng.internal.invokers.TestInvoker.invokeTestMethods(TestInvoker.java:201)
	at org.testng.internal.invokers.TestMethodWorker.invokeTestMethods(TestMethodWorker.java:148)
	at org.testng.internal.invokers.TestMethodWorker.run(TestMethodWorker.java:128)
	at java.base/java.util.ArrayList.forEach(ArrayList.java:1596)
	at org.testng.TestRunner.privateRun(TestRunner.java:819)
	at org.testng.TestRunner.run(TestRunner.java:619)
	at org.testng.SuiteRunner.runTest(SuiteRunner.java:443)
	at org.testng.SuiteRunner.runSequentially(SuiteRunner.java:437)
	at org.testng.SuiteRunner.privateRun(SuiteRunner.java:397)
	at org.testng.SuiteRunner.run(SuiteRunner.java:336)
	at org.testng.SuiteRunnerWorker.runSuite(SuiteRunnerWorker.java:52)
	at org.testng.SuiteRunnerWorker.run(SuiteRunnerWorker.java:95)
	at org.testng.TestNG.runSuitesSequentially(TestNG.java:1301)
	at org.testng.TestNG.runSuitesSequentially(TestNG.java:1296)
	at org.testng.TestNG.runSuitesLocally(TestNG.java:1228)
	at org.testng.TestNG.runSuites(TestNG.java:1134)
	at org.testng.TestNG.run(TestNG.java:1101)
	at org.apache.maven.surefire.testng.TestNGExecutor.run(TestNGExecutor.java:308)
	at org.apache.maven.surefire.testng.TestNGXmlTestSuite.execute(TestNGXmlTestSuite.java:71)
	at org.apache.maven.surefire.testng.TestNGProvider.invoke(TestNGProvider.java:113)
	at org.apache.maven.surefire.booter.ForkedBooter.runSuitesInProcess(ForkedBooter.java:385)
	at org.apache.maven.surefire.booter.ForkedBooter.execute(ForkedBooter.java:162)
	at org.apache.maven.surefire.booter.ForkedBooter.run(ForkedBooter.java:507)
	at org.apache.maven.surefire.booter.ForkedBooter.main(ForkedBooter.java:495)
]]></failure>
    <system-out><![CDATA[URL Entered
]]></system-out>
  </testcase>
  <testcase name="Pinterest_Icon" classname="Home_Page_Menu.Social_Media_Icons_Footer" time="3.333">
    <system-out><![CDATA[URL Entered
Pinterest Icon Validated
]]></system-out>
  </testcase>
  <testcase name="Youtube_Icon" classname="Home_Page_Menu.Social_Media_Icons_Footer" time="3.627">
    <system-out><![CDATA[URL Entered
Youtube icon Validated
]]></system-out>
  </testcase>
  <testcase name="Instagram_Icon" classname="Home_Page_Menu.Social_Media_Icons_Footer" time="3.33">
    <system-out><![CDATA[URL Entered
Instagram icon Validatied
]]></system-out>
  </testcase>
  <testcase name="Linkedin_Icon" classname="Home_Page_Menu.Social_Media_Icons_Footer" time="2.876">
    <system-out><![CDATA[URL Entered
Linkedin Icon Validated
]]></system-out>
  </testcase>
  <testcase name="Get_In_Touch_1_button" classname="Home_Page_Menu.Home_Menu_Body" time="21.336">
    <system-out><![CDATA[URL Entered
Moved to Home Element
Get in touch clicked
GET IN TOUCH button 1 Validated
]]></system-out>
    <system-err><![CDATA[Jan 08, 2025 9:45:36 AM org.openqa.selenium.devtools.CdpVersionFinder findNearestMatch
WARNING: Unable to find CDP implementation matching 131
Jan 08, 2025 9:45:36 AM org.openqa.selenium.chromium.ChromiumDriver lambda$new$5
WARNING: Unable to find version of CDP to use for 131.0.6778.205. You may need to include a dependency on a specific version of the CDP using something similar to `org.seleniumhq.selenium:selenium-devtools-v86:4.18.1` where the version ("v86") matches the version of the chromium-based browser you're using and the version number of the artifact is the same as Selenium's.
]]></system-err>
  </testcase>
  <testcase name="Get_In_Touch_2_button" classname="Home_Page_Menu.Home_Menu_Body" time="6.107">
    <system-out><![CDATA[URL Entered
Moved to Home Element
Right Arrow clicked
Get in touch clicked
GET IN TOUCH 2 button Validated
]]></system-out>
  </testcase>
  <testcase name="Get_In_Touch_3_button" classname="Home_Page_Menu.Home_Menu_Body" time="2.625">
    <system-out><![CDATA[URL Entered
Moved to Home Element
Get in touch clicked
Move to form is true
GET IN TOUCH button 3 Validated
]]></system-out>
  </testcase>
  <testcase name="OurServices_Seamore_button" classname="Home_Page_Menu.Home_Menu_Body" time="3.42">
    <system-out><![CDATA[URL Entered
Moved to Home Element
services Sea more button clicked
IoT Development visibility - true
Enterprise App Development - true
UI / UX Design visibility - true
Web development services - true
Our Services Sea more button  Validated
]]></system-out>
  </testcase>
  <testcase name="ExploreMore_button" classname="Home_Page_Menu.Home_Menu_Body" time="1.357">
    <system-out><![CDATA[URL Entered
Moved to Home Element
Explore More button clicked
Explore More button Validated
]]></system-out>
  </testcase>
  <testcase name="ourServices_MobileAppDevelopment_Menu" classname="Home_Page_Menu.Home_Menu_Body" time="1.417">
    <system-out><![CDATA[URL Entered
Moved to Home Element
Our Services Mobile App Development Menu clicked
Our Services Mobile App Development Menu Validated
]]></system-out>
  </testcase>
  <testcase name="ourServices_DedicatedDevelopers_Menu" classname="Home_Page_Menu.Home_Menu_Body" time="3.448">
    <system-out><![CDATA[URL Entered
Moved to Home Element
Our Services Dedicated Developers Menu clicked
Our Services Dedicated Developers Menu Validated
]]></system-out>
  </testcase>
  <testcase name="ourServices_DigitalMarketingServices_Menu" classname="Home_Page_Menu.Home_Menu_Body" time="3.895">
    <system-out><![CDATA[URL Entered
Moved to Home Element
Our Services Digital Marketing Services Menu clicked
Our Services Digital Marketing Services Menu Validated
]]></system-out>
  </testcase>
  <testcase name="ourServices_MobileAppMarketing_Menu" classname="Home_Page_Menu.Home_Menu_Body" time="3.359">
    <system-out><![CDATA[URL Entered
Moved to Home Element
Our Services Mobile App Marketing Menu clicked
Our Services Mobile App Marketing Menu Validated
]]></system-out>
  </testcase>
  <testcase name="ourServices_IoTDevelopment_Menu" classname="Home_Page_Menu.Home_Menu_Body" time="3.596">
    <system-out><![CDATA[URL Entered
Moved to Home Element
services Sea more button clicked
Our Services IoT Development Menu clicked
Our Services IoT Development Menu Validated
]]></system-out>
  </testcase>
  <testcase name="ourServices_EnterpriseAppDevelopment_Menu" classname="Home_Page_Menu.Home_Menu_Body" time="4.689">
    <system-out><![CDATA[URL Entered
Moved to Home Element
services Sea more button clicked
Our Services Enterprise App Development Menu clicked
Our Services Enterprise App Development Menu Validated
]]></system-out>
  </testcase>
  <testcase name="ourServices_UIorUXDesign_Menu" classname="Home_Page_Menu.Home_Menu_Body" time="3.833">
    <system-out><![CDATA[URL Entered
Moved to Home Element
services Sea more button clicked
Our Services UI / UX Design Menu clicked
Our Services UI / UX Design Menu Validated
]]></system-out>
  </testcase>
  <testcase name="ourServices_WebDevelopmentServices_Menu" classname="Home_Page_Menu.Home_Menu_Body" time="3.912">
    <system-out><![CDATA[URL Entered
Moved to Home Element
services Sea more button clicked
Our Services Web development services Menu clicked
Our Services Web development services Menu Validated
]]></system-out>
  </testcase>
  <testcase name="Company_Fact_File_SubMenu" classname="Home_Page_Menu.Header_About_Us_SubMenu" time="2.923">
    <system-out><![CDATA[URL Entered
Submenu clicked
Company Fact File Sub Menu Validated
]]></system-out>
    <system-err><![CDATA[Jan 08, 2025 9:46:44 AM org.openqa.selenium.devtools.CdpVersionFinder findNearestMatch
WARNING: Unable to find CDP implementation matching 131
Jan 08, 2025 9:46:44 AM org.openqa.selenium.chromium.ChromiumDriver lambda$new$5
WARNING: Unable to find version of CDP to use for 131.0.6778.205. You may need to include a dependency on a specific version of the CDP using something similar to `org.seleniumhq.selenium:selenium-devtools-v86:4.18.1` where the version ("v86") matches the version of the chromium-based browser you're using and the version number of the artifact is the same as Selenium's.
]]></system-err>
  </testcase>
  <testcase name="Meet_the_Team_SubMenu" classname="Home_Page_Menu.Header_About_Us_SubMenu" time="0.672">
    <system-out><![CDATA[URL Entered
Submenu clicked
Meet the Team Sub Menu Validated
]]></system-out>
  </testcase>
  <testcase name="Our_Clients_SubMenu" classname="Home_Page_Menu.Header_About_Us_SubMenu" time="0.679">
    <system-out><![CDATA[URL Entered
Submenu clicked
Our Clients Sub Menu Validated
]]></system-out>
  </testcase>
  <testcase name="Products_SubMenu" classname="Home_Page_Menu.Header_About_Us_SubMenu" time="0.669">
    <system-out><![CDATA[URL Entered
Submenu clicked
Products Sub Menu Validated
]]></system-out>
  </testcase>
  <testcase name="Become_Our_Representative_SubMenu" classname="Home_Page_Menu.Header_About_Us_SubMenu" time="0.651">
    <system-out><![CDATA[URL Entered
Submenu clicked
Become Our Representative Sub Menu Validated
]]></system-out>
  </testcase>
  <testcase name="Business_Models_SubMenu" classname="Home_Page_Menu.Header_About_Us_SubMenu" time="0.73">
    <system-out><![CDATA[URL Entered
Submenu clicked
Business Models Sub Menu Validated
]]></system-out>
  </testcase>
  <testcase name="Awards_SubMenu" classname="Home_Page_Menu.Header_About_Us_SubMenu" time="0.759">
    <system-out><![CDATA[URL Entered
Submenu clicked
Awards Sub Menu Validated
]]></system-out>
  </testcase>
  <testcase name="Partner_With_Us_SubMenu" classname="Home_Page_Menu.Header_About_Us_SubMenu" time="0.729">
    <system-out><![CDATA[URL Entered
Submenu clicked
Partner With Us Sub Menu Validated
]]></system-out>
  </testcase>
  <testcase name="Testimonials_SubMenu" classname="Home_Page_Menu.Header_About_Us_SubMenu" time="0.77">
    <system-out><![CDATA[URL Entered
Submenu clicked
Testimonials Sub Menu Validated
]]></system-out>
  </testcase>
  <testcase name="Vendor_Registration_SubMenu" classname="Home_Page_Menu.Header_About_Us_SubMenu" time="0.593">
    <system-out><![CDATA[URL Entered
Submenu clicked
Vendor Registration Sub Menu Validated
]]></system-out>
  </testcase>
  <testcase name="Technologies_SubMenu" classname="Home_Page_Menu.Header_About_Us_SubMenu" time="0.772">
    <system-out><![CDATA[URL Entered
Submenu clicked
Technologies Sub Menu Validated
]]></system-out>
  </testcase>
  <testcase name="Methodology_SubMenu" classname="Home_Page_Menu.Header_About_Us_SubMenu" time="0.633">
    <system-out><![CDATA[URL Entered
Submenu clicked
Methodology Sub Menu Validated
]]></system-out>
  </testcase>
  <testcase name="Alliances_SubMenu" classname="Home_Page_Menu.Header_About_Us_SubMenu" time="0.631">
    <system-out><![CDATA[URL Entered
Submenu clicked
Alliances Sub Menu Validated
]]></system-out>
  </testcase>
  <testcase name="Infrastructure_SubMenu" classname="Home_Page_Menu.Header_About_Us_SubMenu" time="0.712">
    <system-out><![CDATA[URL Entered
Submenu clicked
Infrastructure Sub Menu Validated
]]></system-out>
  </testcase>
  <testcase name="Group_Companies_SubMenu" classname="Home_Page_Menu.Header_About_Us_SubMenu" time="0.707">
    <system-out><![CDATA[URL Entered
Submenu clicked
Group Companies Sub Menu Validated
]]></system-out>
  </testcase>
  <testcase name="Job_Enquiry_Apply_Here_Menu" classname="Home_Page_Menu.Home_Page_Footer_Menu" time="1.014">
    <system-out><![CDATA[URL Entered
Job Enquiry apply here menu clicked
Footer Job Application Menu Validated
]]></system-out>
    <system-err><![CDATA[Jan 08, 2025 9:47:01 AM org.openqa.selenium.devtools.CdpVersionFinder findNearestMatch
WARNING: Unable to find CDP implementation matching 131
Jan 08, 2025 9:47:01 AM org.openqa.selenium.chromium.ChromiumDriver lambda$new$5
WARNING: Unable to find version of CDP to use for 131.0.6778.205. You may need to include a dependency on a specific version of the CDP using something similar to `org.seleniumhq.selenium:selenium-devtools-v86:4.18.1` where the version ("v86") matches the version of the chromium-based browser you're using and the version number of the artifact is the same as Selenium's.
]]></system-err>
  </testcase>
  <testcase name="About_Us_Menu" classname="Home_Page_Menu.Home_Page_Footer_Menu" time="0.742">
    <system-out><![CDATA[URL Entered
About us menu clicked
Footer About Us Menu Validated
]]></system-out>
  </testcase>
  <testcase name="Careers_Menu" classname="Home_Page_Menu.Home_Page_Footer_Menu" time="0.722">
    <system-out><![CDATA[URL Entered
Careers Menu clicked
Footer Careers Menu Validated
]]></system-out>
  </testcase>
  <testcase name="Become_Our_Representative_Menu" classname="Home_Page_Menu.Home_Page_Footer_Menu" time="1.008">
    <system-out><![CDATA[URL Entered
Become our Representatives menu clicked
Footer Become Our Representative Menu Validated
]]></system-out>
  </testcase>
  <testcase name="Privacy_Policy_Menu" classname="Home_Page_Menu.Home_Page_Footer_Menu" time="0.765">
    <system-out><![CDATA[URL Entered
Privacy policy menu clicked
Footer Privacy Policy Menu Validated
]]></system-out>
  </testcase>
  <testcase name="SiteMap_Menu" classname="Home_Page_Menu.Home_Page_Footer_Menu" time="0.794">
    <system-out><![CDATA[URL Entered
site map menu clicked
Footer Subscribe button Validated
]]></system-out>
  </testcase>
  <testcase name="Subscribe_NewsLetter_Field" classname="Home_Page_Menu.Home_Page_Footer_Menu" time="6.994">
    <system-out><![CDATA[URL Entered
Mousehover to the Service Menu
Subscibe button clicked
Footer Subscibe button Validated
]]></system-out>
  </testcase>
  <testcase name="iOS_App_Development_Menu" classname="Home_Page_Menu.Home_Page_Footer_Menu" time="0.961">
    <system-out><![CDATA[URL Entered
iOS App Development Menu clicked
iOS App Development Menu Validated
]]></system-out>
  </testcase>
  <testcase name="Android_App_Development_Menu" classname="Home_Page_Menu.Home_Page_Footer_Menu" time="0.838">
    <system-out><![CDATA[URL Entered
Android App Development Menu clicked
Android App Development Menu Validated
]]></system-out>
  </testcase>
  <testcase name="Mobile_Games_Marketing_Menu" classname="Home_Page_Menu.Home_Page_Footer_Menu" time="1.353">
    <system-out><![CDATA[URL Entered
Mobile Games Marketing Menu clicked
Mobile Games Marketing Menu Validated
]]></system-out>
  </testcase>
  <testcase name="IoT_Development_Services_Menu" classname="Home_Page_Menu.Home_Page_Footer_Menu" time="0.981">
    <system-out><![CDATA[URL Entered
IoT Development Services Menu clicked
IoT Development Services Menu Validated
]]></system-out>
  </testcase>
  <testcase name="Web_App_Development_Menu" classname="Home_Page_Menu.Home_Page_Footer_Menu" time="0.844">
    <system-out><![CDATA[URL Entered
Web App Development Menu clicked
Web App Development Menu Validated
]]></system-out>
  </testcase>
  <testcase name="Blockchain_Development_Menu" classname="Home_Page_Menu.Home_Page_Footer_Menu" time="1.096">
    <system-out><![CDATA[URL Entered
Blockchain Development Menu clicked
Blockchain Development Menu Validated
]]></system-out>
  </testcase>
  <testcase name="ICO_Marketing_Menu" classname="Home_Page_Menu.Home_Page_Footer_Menu" time="1.075">
    <system-out><![CDATA[URL Entered
ICO Marketing Menu clicked
ICO Marketing Menu Validated
]]></system-out>
  </testcase>
  <testcase name="Wallet_Integration_Menu" classname="Home_Page_Menu.Home_Page_Footer_Menu" time="0.948">
    <system-out><![CDATA[URL Entered
Wallet Integration Menu clicked
Wallet Integration Menu Validated
]]></system-out>
  </testcase>
  <testcase name="School_Management_Software_Menu" classname="Home_Page_Menu.Home_Page_Footer_Menu" time="2.367">
    <system-out><![CDATA[URL Entered
School Management Software Menu clicked
School Management Software Menu Validated
]]></system-out>
  </testcase>
  <testcase name="Intelligent_Business_Process_Automation_Software_Menu" classname="Home_Page_Menu.Home_Page_Footer_Menu" time="0.972">
    <system-out><![CDATA[URL Entered
Intelligent Business Process Automation Software Menu clicked
Intelligent Business Process Automation Software Menu Validated
]]></system-out>
  </testcase>
  <testcase name="Case_Studies_SubMenu" classname="Home_Page_Menu.Header_Resource_Submenu" time="1.311">
    <system-out><![CDATA[URL Entered
Mousehover to the Resource Menu
Submenu clicked
Case Studies Sub Menu Validated
]]></system-out>
    <system-err><![CDATA[Jan 08, 2025 9:47:30 AM org.openqa.selenium.devtools.CdpVersionFinder findNearestMatch
WARNING: Unable to find CDP implementation matching 131
Jan 08, 2025 9:47:30 AM org.openqa.selenium.chromium.ChromiumDriver lambda$new$5
WARNING: Unable to find version of CDP to use for 131.0.6778.205. You may need to include a dependency on a specific version of the CDP using something similar to `org.seleniumhq.selenium:selenium-devtools-v86:4.18.1` where the version ("v86") matches the version of the chromium-based browser you're using and the version number of the artifact is the same as Selenium's.
]]></system-err>
  </testcase>
  <testcase name="White_Papers_SubMenu" classname="Home_Page_Menu.Header_Resource_Submenu" time="1.361">
    <system-out><![CDATA[URL Entered
Mousehover to the Resource Menu
Submenu clicked
White Papers Sub Menu Validated
]]></system-out>
  </testcase>
  <testcase name="Ebooks_SubMenu" classname="Home_Page_Menu.Header_Resource_Submenu" time="0.789">
    <system-out><![CDATA[URL Entered
Mousehover to the Resource Menu
Submenu clicked
Ebooks Sub Menu Validated
]]></system-out>
  </testcase>
  <testcase name="Webinars_SubMenu" classname="Home_Page_Menu.Header_Resource_Submenu" time="0.649">
    <system-out><![CDATA[URL Entered
Mousehover to the Resource Menu
Submenu clicked
Webinars Sub Menu Validated
]]></system-out>
  </testcase>
  <testcase name="Knowledge_Base_SubMenu" classname="Home_Page_Menu.Header_Resource_Submenu" time="1.263">
    <system-out><![CDATA[URL Entered
Mousehover to the Resource Menu
Submenu clicked
Knowledge Base Sub Menu Validated
]]></system-out>
  </testcase>
  <testcase name="Android_App_Development_SubMenu" classname="Home_Page_Menu.Services_MobileAppDevelopmentMenu" time="0.922">
    <system-out><![CDATA[URL Entered
Mousehover to the Service Menu
Mousehover to the Mobile App development Submenu
Submenu clicked
Android App Development Sub Menu Validated
]]></system-out>
    <system-err><![CDATA[Jan 08, 2025 9:47:41 AM org.openqa.selenium.devtools.CdpVersionFinder findNearestMatch
WARNING: Unable to find CDP implementation matching 131
Jan 08, 2025 9:47:41 AM org.openqa.selenium.chromium.ChromiumDriver lambda$new$5
WARNING: Unable to find version of CDP to use for 131.0.6778.205. You may need to include a dependency on a specific version of the CDP using something similar to `org.seleniumhq.selenium:selenium-devtools-v86:4.18.1` where the version ("v86") matches the version of the chromium-based browser you're using and the version number of the artifact is the same as Selenium's.
]]></system-err>
  </testcase>
  <testcase name="Enterprise_Mobile_Application_Development_SubMenu" classname="Home_Page_Menu.Services_MobileAppDevelopmentMenu" time="0.785">
    <system-out><![CDATA[URL Entered
Mousehover to the Service Menu
Mousehover to the Mobile App development Submenu
Submenu clicked
Enterprise Mobile Application Development Sub Menu Validated
]]></system-out>
  </testcase>
  <testcase name="Startup_App_Development_SubMenu" classname="Home_Page_Menu.Services_MobileAppDevelopmentMenu" time="17.494">
    <system-out><![CDATA[URL Entered
Mousehover to the Service Menu
Mousehover to the Mobile App development Submenu
Submenu clicked
Startup App Development Sub Menu Validated
]]></system-out>
  </testcase>
  <testcase name="iOS_App_Developmentt_SubMenu" classname="Home_Page_Menu.Services_MobileAppDevelopmentMenu" time="0.965">
    <system-out><![CDATA[URL Entered
Mousehover to the Service Menu
Mousehover to the Mobile App development Submenu
Submenu clicked
iOS App Development Sub Menu Validated
]]></system-out>
  </testcase>
  <testcase name="Blockchain_Development_SubMenu" classname="Home_Page_Menu.Services_MobileAppDevelopmentMenu" time="0.972">
    <system-out><![CDATA[URL Entered
Mousehover to the Service Menu
Mousehover to the Mobile App development Submenu
Submenu clicked
Blockchain Development Sub Menu Validated
]]></system-out>
  </testcase>
  <testcase name="Performance_Marketing_services_SubMenu" classname="Home_Page_Menu.Services_DigitalMarketingMenu" time="0.696">
    <system-out><![CDATA[URL Entered
Mousehover to the Service Menu
Mousehover to the Digital Marketing Submenu
Submenu clicked
Performance Marketing services Sub Menu Validated
]]></system-out>
    <system-err><![CDATA[Jan 08, 2025 9:48:09 AM org.openqa.selenium.devtools.CdpVersionFinder findNearestMatch
WARNING: Unable to find CDP implementation matching 131
Jan 08, 2025 9:48:09 AM org.openqa.selenium.chromium.ChromiumDriver lambda$new$5
WARNING: Unable to find version of CDP to use for 131.0.6778.205. You may need to include a dependency on a specific version of the CDP using something similar to `org.seleniumhq.selenium:selenium-devtools-v86:4.18.1` where the version ("v86") matches the version of the chromium-based browser you're using and the version number of the artifact is the same as Selenium's.
]]></system-err>
  </testcase>
  <testcase name="SaaS_Marketing_SubMenu" classname="Home_Page_Menu.Services_DigitalMarketingMenu" time="5.921">
    <system-out><![CDATA[URL Entered
Mousehover to the Service Menu
Mousehover to the Digital Marketing Submenu
Submenu clicked
SaaS Marketing Sub Menu Validated
]]></system-out>
  </testcase>
  <testcase name="ICO_Marketing_SubMenu" classname="Home_Page_Menu.Services_DigitalMarketingMenu" time="0.848">
    <system-out><![CDATA[URL Entered
Mousehover to the Service Menu
Mousehover to the Digital Marketing Submenu
Submenu clicked
ICO Marketing Sub Menu Validated
]]></system-out>
  </testcase>
  <testcase name="Influencer_Marketing_Services_SubMenu" classname="Home_Page_Menu.Services_DigitalMarketingMenu" time="0.792">
    <system-out><![CDATA[URL Entered
Mousehover to the Service Menu
Mousehover to the Digital Marketing Submenu
Submenu clicked
Influencer Marketing Services Sub Menu Validated
]]></system-out>
  </testcase>
  <testcase name="Search_Engine_Optimization_SubMenu" classname="Home_Page_Menu.Services_DigitalMarketingMenu" time="1.614">
    <system-out><![CDATA[URL Entered
Mousehover to the Service Menu
Mousehover to the Digital Marketing Submenu
Submenu clicked
Search Engine Optimization Sub Menu Validated
]]></system-out>
  </testcase>
  <testcase name="PPC_Management_and_Strategy_SubMenu" classname="Home_Page_Menu.Services_DigitalMarketingMenu" time="0.755">
    <system-out><![CDATA[URL Entered
Mousehover to the Service Menu
Mousehover to the Digital Marketing Submenu
Submenu clicked
PPC Management & Strategy Sub Menu Validated
]]></system-out>
  </testcase>
  <testcase name="Social_Media_Management_and_Strategy_SubMenu" classname="Home_Page_Menu.Services_DigitalMarketingMenu" time="0.696">
    <system-out><![CDATA[URL Entered
Mousehover to the Service Menu
Mousehover to the Digital Marketing Submenu
Submenu clicked
Social Media Management & Strategy Sub Menu Validated
]]></system-out>
  </testcase>
  <testcase name="Conversion_Rate_Optimization_Services_SubMenu" classname="Home_Page_Menu.Services_DigitalMarketingMenu" time="0.719">
    <system-out><![CDATA[URL Entered
Mousehover to the Service Menu
Mousehover to the Digital Marketing Submenu
Submenu clicked
Conversion Rate Optimization Services Sub Menu Validated
]]></system-out>
  </testcase>
  <testcase name="Multilingual_SEO_SubMenu" classname="Home_Page_Menu.Services_DigitalMarketingMenu" time="0.83">
    <system-out><![CDATA[URL Entered
Mousehover to the Service Menu
Mousehover to the Digital Marketing Submenu
Submenu clicked
Multilingual SEO Sub Menu Validated
]]></system-out>
  </testcase>
  <testcase name="Google_Search_Optimization_SubMenu" classname="Home_Page_Menu.Services_DigitalMarketingMenu" time="0.721">
    <system-out><![CDATA[URL Entered
Mousehover to the Service Menu
Mousehover to the Digital Marketing Submenu
Submenu clicked
Google Search Optimization Sub Menu Validated
]]></system-out>
  </testcase>
  <testcase name="Google_Grants_SubMenu" classname="Home_Page_Menu.Services_DigitalMarketingMenu" time="0.675">
    <system-out><![CDATA[URL Entered
Mousehover to the Service Menu
Mousehover to the Digital Marketing Submenu
Submenu clicked
Google Grants Sub Menu Validated
]]></system-out>
  </testcase>
  <testcase name="Inbound_marketing_services_SubMenu" classname="Home_Page_Menu.Services_DigitalMarketingMenu" time="0.699">
    <system-out><![CDATA[URL Entered
Mousehover to the Service Menu
Mousehover to the Digital Marketing Submenu
Submenu clicked
Inbound marketing services Sub Menu Validated
]]></system-out>
  </testcase>
  <testcase name="DV360_Traffic_Management_Services_SubMenu" classname="Home_Page_Menu.Services_DigitalMarketingMenu" time="0.761">
    <system-out><![CDATA[URL Entered
Mousehover to the Service Menu
Mousehover to the Digital Marketing Submenu
Submenu clicked
DV360 Traffic Management Services Sub Menu Validated
]]></system-out>
  </testcase>
  <testcase name="Account_Based_Marketing_Services_SubMenu" classname="Home_Page_Menu.Services_DigitalMarketingMenu" time="0.772">
    <system-out><![CDATA[URL Entered
Mousehover to the Service Menu
Mousehover to the Digital Marketing Submenu
Submenu clicked
Account Based Marketing Services Sub Menu Validated
]]></system-out>
  </testcase>
  <testcase name="App_Store_Optimization_Services_SubMenu" classname="Home_Page_Menu.Services_MobileAppMarketingAgency_Menu" time="2.565">
    <system-out><![CDATA[URL Entered
Mousehover to the Service Menu
Mousehover to the Mobile App Marketing Agency Submenu
Submenu clicked
App Store Optimization Services Sub Menu Validated
]]></system-out>
    <system-err><![CDATA[Jan 08, 2025 9:48:39 AM org.openqa.selenium.devtools.CdpVersionFinder findNearestMatch
WARNING: Unable to find CDP implementation matching 131
Jan 08, 2025 9:48:39 AM org.openqa.selenium.chromium.ChromiumDriver lambda$new$5
WARNING: Unable to find version of CDP to use for 131.0.6778.205. You may need to include a dependency on a specific version of the CDP using something similar to `org.seleniumhq.selenium:selenium-devtools-v86:4.18.1` where the version ("v86") matches the version of the chromium-based browser you're using and the version number of the artifact is the same as Selenium's.
]]></system-err>
  </testcase>
  <testcase name="Localization_SubMenu" classname="Home_Page_Menu.Services_MobileAppMarketingAgency_Menu" time="2.28">
    <system-out><![CDATA[URL Entered
Mousehover to the Service Menu
Mousehover to the Mobile App Marketing Agency Submenu
Submenu clicked
Localization Sub Menu Validated
]]></system-out>
  </testcase>
  <testcase name="User_Engagement_SubMenu" classname="Home_Page_Menu.Services_MobileAppMarketingAgency_Menu" time="2.245">
    <system-out><![CDATA[URL Entered
Mousehover to the Service Menu
Mousehover to the Mobile App Marketing Agency Submenu
Submenu clicked
User Engagement Sub Menu Validated
]]></system-out>
  </testcase>
  <testcase name="Android_Apps_Marketing_SubMenu" classname="Home_Page_Menu.Services_MobileAppMarketingAgency_Menu" time="2.367">
    <system-out><![CDATA[URL Entered
Mousehover to the Service Menu
Mousehover to the Mobile App Marketing Agency Submenu
Submenu clicked
Android Apps Marketing Sub Menu Validated
]]></system-out>
  </testcase>
  <testcase name="iPhone_Apps_Marketing_SubMenu" classname="Home_Page_Menu.Services_MobileAppMarketingAgency_Menu" time="2.269">
    <system-out><![CDATA[URL Entered
Mousehover to the Service Menu
Mousehover to the Mobile App Marketing Agency Submenu
Submenu clicked
iPhone Apps Marketing Sub Menu Validated
]]></system-out>
  </testcase>
  <testcase name="Free_Consulations_Service_SubMenu" classname="Home_Page_Menu.Services_MobileAppMarketingAgency_Menu" time="2.284">
    <system-out><![CDATA[URL Entered
Mousehover to the Service Menu
Mousehover to the Mobile App Marketing Agency Submenu
Submenu clicked
Free Consulations Service Sub Menu Validated
]]></system-out>
  </testcase>
  <testcase name="Mobile_App_Ads_Campaign_Management_SubMenu" classname="Home_Page_Menu.Services_MobileAppMarketingAgency_Menu" time="2.229">
    <system-out><![CDATA[URL Entered
Mousehover to the Service Menu
Mousehover to the Mobile App Marketing Agency Submenu
Submenu clicked
Mobile App Ads Campaign Management Sub Menu Validated
]]></system-out>
  </testcase>
  <testcase name="Mobile_Games_Marketing_SubMenu" classname="Home_Page_Menu.Services_MobileAppMarketingAgency_Menu" time="2.607">
    <system-out><![CDATA[URL Entered
Mousehover to the Service Menu
Mousehover to the Mobile App Marketing Agency Submenu
Submenu clicked
Mobile Games Marketing Sub Menu Validated
]]></system-out>
  </testcase>
  <testcase name="Mobile_Pre_Launch_Activities_SubMenu" classname="Home_Page_Menu.Services_MobileAppMarketingAgency_Menu" time="2.271">
    <system-out><![CDATA[URL Entered
Mousehover to the Service Menu
Mousehover to the Mobile App Marketing Agency Submenu
Submenu clicked
Mobile Pre Launch Activities Sub Menu Validated
]]></system-out>
  </testcase>
  <testcase name="Mobile_App_Market_Research_SubMenu" classname="Home_Page_Menu.Services_MobileAppMarketingAgency_Menu" time="2.356">
    <system-out><![CDATA[URL Entered
Mousehover to the Service Menu
Mousehover to the Mobile App Marketing Agency Submenu
Submenu clicked
Mobile App Market Research Sub Menu Validated
]]></system-out>
  </testcase>
  <testcase name="Mobile_App_Growth_Marketing_SubMenu" classname="Home_Page_Menu.Services_MobileAppMarketingAgency_Menu" time="2.221">
    <system-out><![CDATA[URL Entered
Mousehover to the Service Menu
Mousehover to the Mobile App Marketing Agency Submenu
Submenu clicked
Mobile App Growth Marketing Sub Menu Validated
]]></system-out>
  </testcase>
  <testcase name="Mobile_App_Prototype_SubMenu" classname="Home_Page_Menu.Services_MobileAppMarketingAgency_Menu" time="2.25">
    <system-out><![CDATA[URL Entered
Mousehover to the Service Menu
Mousehover to the Mobile App Marketing Agency Submenu
Submenu clicked
Mobile App Prototype Sub Menu Validated
]]></system-out>
  </testcase>
  <testcase name="Hire_Our_Android_Developer_SubMenu" classname="Home_Page_Menu.Services_HireOurDedicatedDevelopers" time="0.978">
    <system-out><![CDATA[URL Entered
Mousehover to the Service Menu
Hire Our Dedicated Developers Submenu
Submenu clicked
Hire Our Android Developer Sub Menu Validated
]]></system-out>
    <system-err><![CDATA[Jan 08, 2025 9:49:19 AM org.openqa.selenium.devtools.CdpVersionFinder findNearestMatch
WARNING: Unable to find CDP implementation matching 131
Jan 08, 2025 9:49:19 AM org.openqa.selenium.chromium.ChromiumDriver lambda$new$5
WARNING: Unable to find version of CDP to use for 131.0.6778.205. You may need to include a dependency on a specific version of the CDP using something similar to `org.seleniumhq.selenium:selenium-devtools-v86:4.18.1` where the version ("v86") matches the version of the chromium-based browser you're using and the version number of the artifact is the same as Selenium's.
]]></system-err>
  </testcase>
  <testcase name="Hire_Our_iOS_Developers_SubMenu" classname="Home_Page_Menu.Services_HireOurDedicatedDevelopers" time="0.862">
    <system-out><![CDATA[URL Entered
Mousehover to the Service Menu
Hire Our Dedicated Developers Submenu
Submenu clicked
Hire Our iOS Developers Sub Menu Validated
]]></system-out>
  </testcase>
  <testcase name="Hire_Our_WordPress_Developers_SubMenu" classname="Home_Page_Menu.Services_HireOurDedicatedDevelopers" time="0.764">
    <system-out><![CDATA[URL Entered
Mousehover to the Service Menu
Hire Our Dedicated Developers Submenu
Submenu clicked
Hire Our WordPress Developers Sub Menu Validated
]]></system-out>
  </testcase>
  <testcase name="Hire_Our_PHP_Developers_SubMenu" classname="Home_Page_Menu.Services_HireOurDedicatedDevelopers" time="3.305">
    <system-out><![CDATA[URL Entered
Mousehover to the Service Menu
Hire Our Dedicated Developers Submenu
Submenu clicked
Hire Our PHP Developers Sub Menu Validated
]]></system-out>
  </testcase>
  <testcase name="Hire_Our_DotNET_Developers_SubMenu" classname="Home_Page_Menu.Services_HireOurDedicatedDevelopers" time="0.649">
    <system-out><![CDATA[URL Entered
Mousehover to the Service Menu
Hire Our Dedicated Developers Submenu
Submenu clicked
Hire Our .NET Developers Sub Menu Validated
]]></system-out>
  </testcase>
  <testcase name="Mobile_App_Business_Consultation_SubMenu" classname="Home_Page_Menu.Services_BusinessConsultingServices" time="1.021">
    <system-out><![CDATA[URL Entered
Mousehover to the Service Menu
Mousehover to the Business Consulting Services Submenu
Submenu clicked
Mobile App Business Consultation Sub Menu Validated
]]></system-out>
    <system-err><![CDATA[Jan 08, 2025 9:49:33 AM org.openqa.selenium.devtools.CdpVersionFinder findNearestMatch
WARNING: Unable to find CDP implementation matching 131
Jan 08, 2025 9:49:33 AM org.openqa.selenium.chromium.ChromiumDriver lambda$new$5
WARNING: Unable to find version of CDP to use for 131.0.6778.205. You may need to include a dependency on a specific version of the CDP using something similar to `org.seleniumhq.selenium:selenium-devtools-v86:4.18.1` where the version ("v86") matches the version of the chromium-based browser you're using and the version number of the artifact is the same as Selenium's.
]]></system-err>
  </testcase>
  <testcase name="BIM_Services_SubMenu" classname="Home_Page_Menu.Services_GIS_ServicesMenu" time="2.904">
    <system-out><![CDATA[URL Entered
Mousehover to the Service Menu
Mousehover to the GIS Services SubMenu
Submenu clicked
BIM Services Sub Menu Validated
]]></system-out>
    <system-err><![CDATA[Jan 08, 2025 9:49:37 AM org.openqa.selenium.devtools.CdpVersionFinder findNearestMatch
WARNING: Unable to find CDP implementation matching 131
Jan 08, 2025 9:49:37 AM org.openqa.selenium.chromium.ChromiumDriver lambda$new$5
WARNING: Unable to find version of CDP to use for 131.0.6778.205. You may need to include a dependency on a specific version of the CDP using something similar to `org.seleniumhq.selenium:selenium-devtools-v86:4.18.1` where the version ("v86") matches the version of the chromium-based browser you're using and the version number of the artifact is the same as Selenium's.
]]></system-err>
  </testcase>
  <testcase name="Digital_Photogrammetry_Services_SubMenu" classname="Home_Page_Menu.Services_GIS_ServicesMenu" time="1.485">
    <system-out><![CDATA[URL Entered
Mousehover to the Service Menu
Mousehover to the GIS Services SubMenu
Submenu clicked
Digital Photogrammetry Services Sub Menu Validated
]]></system-out>
  </testcase>
  <testcase name="LiDAR_Services_SubMenu" classname="Home_Page_Menu.Services_GIS_ServicesMenu" time="4.159">
    <system-out><![CDATA[URL Entered
Mousehover to the Service Menu
Mousehover to the GIS Services SubMenu
Submenu clicked
LiDAR Services Sub Menu Validated
]]></system-out>
  </testcase>
  <testcase name="Mobile_LiDAR_SubMenu" classname="Home_Page_Menu.Services_GIS_ServicesMenu" time="2.782">
    <system-out><![CDATA[URL Entered
Mousehover to the Service Menu
Mousehover to the GIS Services SubMenu
Submenu clicked
Mobile LiDAR Sub Menu Validated
]]></system-out>
  </testcase>
  <testcase name="Orthophoto_Process_SubMenu" classname="Home_Page_Menu.Services_GIS_ServicesMenu" time="2.078">
    <system-out><![CDATA[URL Entered
Mousehover to the Service Menu
Mousehover to the GIS Services SubMenu
Submenu clicked
Orthophoto Process Sub Menu Validated
]]></system-out>
  </testcase>
</testsuite>