<?xml version="1.0" encoding="UTF-8"?>
<!-- Generated by org.testng.reporters.JUnitXMLReporter -->
<testsuite ignored="0" hostname="DESKTOP-SKRGRIP" failures="0" tests="15" name="DCI_Site_Functional_Testing" time="19.543" errors="0" timestamp="2025-05-07T10:15:05 IST">
  <testcase classname="Home_Page_Menu.Header_About_Us_SubMenu" name="Company_Fact_File_SubMenu" time="1.411"/>
  <testcase classname="Home_Page_Menu.Header_About_Us_SubMenu" name="Meet_the_Team_SubMenu" time="0.534"/>
  <testcase classname="Home_Page_Menu.Header_About_Us_SubMenu" name="Our_Clients_SubMenu" time="1.239"/>
  <testcase classname="Home_Page_Menu.Header_About_Us_SubMenu" name="Products_SubMenu" time="1.186"/>
  <testcase classname="Home_Page_Menu.Header_About_Us_SubMenu" name="Become_Our_Representative_SubMenu" time="1.188"/>
  <testcase classname="Home_Page_Menu.Header_About_Us_SubMenu" name="Business_Models_SubMenu" time="0.643"/>
  <testcase classname="Home_Page_Menu.Header_About_Us_SubMenu" name="Awards_SubMenu" time="0.634"/>
  <testcase classname="Home_Page_Menu.Header_About_Us_SubMenu" name="Partner_With_Us_SubMenu" time="0.751"/>
  <testcase classname="Home_Page_Menu.Header_About_Us_SubMenu" name="Testimonials_SubMenu" time="0.673"/>
  <testcase classname="Home_Page_Menu.Header_About_Us_SubMenu" name="Vendor_Registration_SubMenu" time="0.56"/>
  <testcase classname="Home_Page_Menu.Header_About_Us_SubMenu" name="Technologies_SubMenu" time="0.6"/>
  <testcase classname="Home_Page_Menu.Header_About_Us_SubMenu" name="Methodology_SubMenu" time="0.527"/>
  <testcase classname="Home_Page_Menu.Header_About_Us_SubMenu" name="Alliances_SubMenu" time="0.526"/>
  <testcase classname="Home_Page_Menu.Header_About_Us_SubMenu" name="Infrastructure_SubMenu" time="0.552"/>
  <testcase classname="Home_Page_Menu.Header_About_Us_SubMenu" name="Group_Companies_SubMenu" time="0.521"/>
</testsuite> <!-- DCI_Site_Functional_Testing -->
