<?xml version="1.0" encoding="UTF-8"?>
<!-- Generated by org.testng.reporters.JUnitXMLReporter -->
<testsuite ignored="0" hostname="DESKTOP-SKRGRIP" failures="0" tests="15" name="DCI_Site_Functional_Testing" time="16.561" errors="0" timestamp="2024-10-17T10:07:42 IST">
  <testcase classname="Home_Page_Menu.Header_About_Us_SubMenu" name="Company_Fact_File_SubMenu" time="0.679"/>
  <testcase classname="Home_Page_Menu.Header_About_Us_SubMenu" name="Meet_the_Team_SubMenu" time="0.541"/>
  <testcase classname="Home_Page_Menu.Header_About_Us_SubMenu" name="Our_Clients_SubMenu" time="0.547"/>
  <testcase classname="Home_Page_Menu.Header_About_Us_SubMenu" name="Products_SubMenu" time="0.507"/>
  <testcase classname="Home_Page_Menu.Header_About_Us_SubMenu" name="Become_Our_Representative_SubMenu" time="0.514"/>
  <testcase classname="Home_Page_Menu.Header_About_Us_SubMenu" name="Business_Models_SubMenu" time="0.501"/>
  <testcase classname="Home_Page_Menu.Header_About_Us_SubMenu" name="Awards_SubMenu" time="0.667"/>
  <testcase classname="Home_Page_Menu.Header_About_Us_SubMenu" name="Partner_With_Us_SubMenu" time="0.533"/>
  <testcase classname="Home_Page_Menu.Header_About_Us_SubMenu" name="Testimonials_SubMenu" time="0.589"/>
  <testcase classname="Home_Page_Menu.Header_About_Us_SubMenu" name="Vendor_Registration_SubMenu" time="0.567"/>
  <testcase classname="Home_Page_Menu.Header_About_Us_SubMenu" name="Technologies_SubMenu" time="0.638"/>
  <testcase classname="Home_Page_Menu.Header_About_Us_SubMenu" name="Methodology_SubMenu" time="0.669"/>
  <testcase classname="Home_Page_Menu.Header_About_Us_SubMenu" name="Alliances_SubMenu" time="0.54"/>
  <testcase classname="Home_Page_Menu.Header_About_Us_SubMenu" name="Infrastructure_SubMenu" time="0.548"/>
  <testcase classname="Home_Page_Menu.Header_About_Us_SubMenu" name="Group_Companies_SubMenu" time="0.536"/>
</testsuite> <!-- DCI_Site_Functional_Testing -->
