<?xml version="1.0" encoding="UTF-8"?>
<testng-results ignored="0" total="7" passed="6" failed="1" skipped="0">
  <reporter-output>
  </reporter-output>
  <suite started-at="2025-01-08T11:03:59 IST" name="Default suite" finished-at="2025-01-08T11:04:48 IST" duration-ms="48997">
    <groups>
    </groups>
    <test started-at="2025-01-08T11:03:59 IST" name="Default test" finished-at="2025-01-08T11:04:48 IST" duration-ms="48997">
      <class name="Home_Page_Menu.Social_Media_Icons_Footer">
        <test-method is-config="true" signature="setup()[pri:0, instance:Home_Page_Menu.Social_Media_Icons_Footer@6f4a47c7]" started-at="2025-01-08T11:04:00 IST" name="setup" finished-at="2025-01-08T11:04:02 IST" duration-ms="2175" status="PASS">
          <reporter-output>
          </reporter-output>
        </test-method> <!-- setup -->
        <test-method is-config="true" signature="URL_Call()[pri:0, instance:Home_Page_Menu.Social_Media_Icons_Footer@6f4a47c7]" started-at="2025-01-08T11:04:02 IST" name="URL_Call" finished-at="2025-01-08T11:04:03 IST" duration-ms="1176" status="PASS">
          <reporter-output>
          </reporter-output>
        </test-method> <!-- URL_Call -->
        <test-method signature="Whatsapp_Icon()[pri:1, instance:Home_Page_Menu.Social_Media_Icons_Footer@6f4a47c7]" started-at="2025-01-08T11:04:03 IST" name="Whatsapp_Icon" finished-at="2025-01-08T11:04:18 IST" duration-ms="14969" status="PASS">
          <reporter-output>
          </reporter-output>
        </test-method> <!-- Whatsapp_Icon -->
        <test-method is-config="true" signature="URL_Call()[pri:0, instance:Home_Page_Menu.Social_Media_Icons_Footer@6f4a47c7]" started-at="2025-01-08T11:04:18 IST" name="URL_Call" finished-at="2025-01-08T11:04:19 IST" duration-ms="573" status="PASS">
          <reporter-output>
          </reporter-output>
        </test-method> <!-- URL_Call -->
        <test-method signature="Facebook_Icon()[pri:2, instance:Home_Page_Menu.Social_Media_Icons_Footer@6f4a47c7]" started-at="2025-01-08T11:04:19 IST" name="Facebook_Icon" finished-at="2025-01-08T11:04:22 IST" duration-ms="3384" status="PASS">
          <reporter-output>
          </reporter-output>
        </test-method> <!-- Facebook_Icon -->
        <test-method is-config="true" signature="URL_Call()[pri:0, instance:Home_Page_Menu.Social_Media_Icons_Footer@6f4a47c7]" started-at="2025-01-08T11:04:22 IST" name="URL_Call" finished-at="2025-01-08T11:04:23 IST" duration-ms="732" status="PASS">
          <reporter-output>
          </reporter-output>
        </test-method> <!-- URL_Call -->
        <test-method signature="Twitter_Icon()[pri:3, instance:Home_Page_Menu.Social_Media_Icons_Footer@6f4a47c7]" started-at="2025-01-08T11:04:23 IST" name="Twitter_Icon" finished-at="2025-01-08T11:04:27 IST" duration-ms="4136" status="PASS">
          <reporter-output>
          </reporter-output>
        </test-method> <!-- Twitter_Icon -->
        <test-method is-config="true" signature="URL_Call()[pri:0, instance:Home_Page_Menu.Social_Media_Icons_Footer@6f4a47c7]" started-at="2025-01-08T11:04:27 IST" name="URL_Call" finished-at="2025-01-08T11:04:28 IST" duration-ms="577" status="PASS">
          <reporter-output>
          </reporter-output>
        </test-method> <!-- URL_Call -->
        <test-method signature="Pinterest_Icon()[pri:4, instance:Home_Page_Menu.Social_Media_Icons_Footer@6f4a47c7]" started-at="2025-01-08T11:04:28 IST" name="Pinterest_Icon" finished-at="2025-01-08T11:04:32 IST" duration-ms="4265" status="PASS">
          <reporter-output>
          </reporter-output>
        </test-method> <!-- Pinterest_Icon -->
        <test-method is-config="true" signature="URL_Call()[pri:0, instance:Home_Page_Menu.Social_Media_Icons_Footer@6f4a47c7]" started-at="2025-01-08T11:04:32 IST" name="URL_Call" finished-at="2025-01-08T11:04:33 IST" duration-ms="597" status="PASS">
          <reporter-output>
          </reporter-output>
        </test-method> <!-- URL_Call -->
        <test-method signature="Youtube_Icon()[pri:5, instance:Home_Page_Menu.Social_Media_Icons_Footer@6f4a47c7]" started-at="2025-01-08T11:04:33 IST" name="Youtube_Icon" finished-at="2025-01-08T11:04:37 IST" duration-ms="4506" status="PASS">
          <reporter-output>
          </reporter-output>
        </test-method> <!-- Youtube_Icon -->
        <test-method is-config="true" signature="URL_Call()[pri:0, instance:Home_Page_Menu.Social_Media_Icons_Footer@6f4a47c7]" started-at="2025-01-08T11:04:38 IST" name="URL_Call" finished-at="2025-01-08T11:04:39 IST" duration-ms="1002" status="PASS">
          <reporter-output>
          </reporter-output>
        </test-method> <!-- URL_Call -->
        <test-method signature="Instagram_Icon()[pri:6, instance:Home_Page_Menu.Social_Media_Icons_Footer@6f4a47c7]" started-at="2025-01-08T11:04:39 IST" name="Instagram_Icon" finished-at="2025-01-08T11:04:43 IST" duration-ms="4674" status="FAIL">
          <exception class="java.lang.AssertionError">
            <message>
              <![CDATA[expected [Dot Com Infoway (@dotcominfowaydci) • Instagram photos and videos] but found [Page couldn't load • Instagram]]]>
            </message>
            <full-stacktrace>
              <![CDATA[java.lang.AssertionError: expected [Dot Com Infoway (@dotcominfowaydci) • Instagram photos and videos] but found [Page couldn't load • Instagram]
at org.testng.Assert.fail(Assert.java:111)
at org.testng.Assert.failNotEquals(Assert.java:1578)
at org.testng.Assert.assertEqualsImpl(Assert.java:150)
at org.testng.Assert.assertEquals(Assert.java:132)
at org.testng.Assert.assertEquals(Assert.java:656)
at org.testng.Assert.assertEquals(Assert.java:666)
at Base_Setup.Base_Code_Configuration.Assert(Base_Code_Configuration.java:318)
at Home_Page_Menu.Social_Media_Icons_Footer.Instagram_Icon(Social_Media_Icons_Footer.java:121)
at java.base/jdk.internal.reflect.DirectMethodHandleAccessor.invoke(DirectMethodHandleAccessor.java:103)
at java.base/java.lang.reflect.Method.invoke(Method.java:580)
at org.testng.internal.invokers.MethodInvocationHelper.invokeMethod(MethodInvocationHelper.java:139)
at org.testng.internal.invokers.TestInvoker.invokeMethod(TestInvoker.java:664)
at org.testng.internal.invokers.TestInvoker.invokeTestMethod(TestInvoker.java:228)
at org.testng.internal.invokers.MethodRunner.runInSequence(MethodRunner.java:63)
at org.testng.internal.invokers.TestInvoker$MethodInvocationAgent.invoke(TestInvoker.java:961)
at org.testng.internal.invokers.TestInvoker.invokeTestMethods(TestInvoker.java:201)
at org.testng.internal.invokers.TestMethodWorker.invokeTestMethods(TestMethodWorker.java:148)
at org.testng.internal.invokers.TestMethodWorker.run(TestMethodWorker.java:128)
at java.base/java.util.ArrayList.forEach(ArrayList.java:1596)
at org.testng.TestRunner.privateRun(TestRunner.java:819)
at org.testng.TestRunner.run(TestRunner.java:619)
at org.testng.SuiteRunner.runTest(SuiteRunner.java:443)
at org.testng.SuiteRunner.runSequentially(SuiteRunner.java:437)
at org.testng.SuiteRunner.privateRun(SuiteRunner.java:397)
at org.testng.SuiteRunner.run(SuiteRunner.java:336)
at org.testng.SuiteRunnerWorker.runSuite(SuiteRunnerWorker.java:52)
at org.testng.SuiteRunnerWorker.run(SuiteRunnerWorker.java:95)
at org.testng.TestNG.runSuitesSequentially(TestNG.java:1301)
at org.testng.TestNG.runSuitesLocally(TestNG.java:1228)
at org.testng.TestNG.runSuites(TestNG.java:1134)
at org.testng.TestNG.run(TestNG.java:1101)
at org.testng.remote.AbstractRemoteTestNG.run(AbstractRemoteTestNG.java:115)
at org.testng.remote.RemoteTestNG.initAndRun(RemoteTestNG.java:293)
at org.testng.remote.RemoteTestNG.main(RemoteTestNG.java:91)
]]>
            </full-stacktrace>
          </exception> <!-- java.lang.AssertionError -->
          <reporter-output>
          </reporter-output>
        </test-method> <!-- Instagram_Icon -->
        <test-method is-config="true" signature="URL_Call()[pri:0, instance:Home_Page_Menu.Social_Media_Icons_Footer@6f4a47c7]" started-at="2025-01-08T11:04:43 IST" name="URL_Call" finished-at="2025-01-08T11:04:44 IST" duration-ms="705" status="PASS">
          <reporter-output>
          </reporter-output>
        </test-method> <!-- URL_Call -->
        <test-method signature="Linkedin_Icon()[pri:7, instance:Home_Page_Menu.Social_Media_Icons_Footer@6f4a47c7]" started-at="2025-01-08T11:04:44 IST" name="Linkedin_Icon" finished-at="2025-01-08T11:04:47 IST" duration-ms="2672" status="PASS">
          <reporter-output>
          </reporter-output>
        </test-method> <!-- Linkedin_Icon -->
      </class> <!-- Home_Page_Menu.Social_Media_Icons_Footer -->
    </test> <!-- Default test -->
  </suite> <!-- Default suite -->
</testng-results>
