<?xml version="1.0" encoding="UTF-8"?>
<!-- Generated by org.testng.reporters.JUnitXMLReporter -->
<testsuite ignored="0" hostname="DESKTOP-SKRGRIP" failures="0" tests="20" name="DCI_Site_Functional_Testing" time="41.49" errors="0" timestamp="2025-02-14T10:56:26 IST">
  <testcase classname="Home_Page_Menu.Home_Page_Footer_Menu" name="Job_Enquiry_Apply_Here_Menu" time="1.251"/>
  <testcase classname="Home_Page_Menu.Home_Page_Footer_Menu" name="About_Us_Menu" time="0.768"/>
  <testcase classname="Home_Page_Menu.Home_Page_Footer_Menu" name="Careers_Menu" time="0.99"/>
  <testcase classname="Home_Page_Menu.Home_Page_Footer_Menu" name="Become_Our_Representative_Menu" time="0.805"/>
  <testcase classname="Home_Page_Menu.Home_Page_Footer_Menu" name="Privacy_Policy_Menu" time="0.761"/>
  <testcase classname="Home_Page_Menu.Home_Page_Footer_Menu" name="SiteMap_Menu" time="0.965"/>
  <testcase classname="Home_Page_Menu.Home_Page_Footer_Menu" name="Subscribe_NewsLetter_Field" time="6.57"/>
  <testcase classname="Home_Page_Menu.Home_Page_Footer_Menu" name="iOS_App_Development_Menu" time="0.859"/>
  <testcase classname="Home_Page_Menu.Home_Page_Footer_Menu" name="Android_App_Development_Menu" time="0.87"/>
  <testcase classname="Home_Page_Menu.Home_Page_Footer_Menu" name="Mobile_Games_Marketing_Menu" time="1.626"/>
  <testcase classname="Home_Page_Menu.Home_Page_Footer_Menu" name="App_Store_Optimization_Services_Menu" time="1.017"/>
  <testcase classname="Home_Page_Menu.Home_Page_Footer_Menu" name="IoT_Development_Services_Menu" time="0.893"/>
  <testcase classname="Home_Page_Menu.Home_Page_Footer_Menu" name="AI_Services_Menu" time="1.126"/>
  <testcase classname="Home_Page_Menu.Home_Page_Footer_Menu" name="GIS_Services_Menu" time="1.742"/>
  <testcase classname="Home_Page_Menu.Home_Page_Footer_Menu" name="Web_App_Development_Menu" time="1.209"/>
  <testcase classname="Home_Page_Menu.Home_Page_Footer_Menu" name="Wallet_Integration_Menu" time="0.92"/>
  <testcase classname="Home_Page_Menu.Home_Page_Footer_Menu" name="Conversion_Rate_Optimization_Services_Menu" time="0.932"/>
  <testcase classname="Home_Page_Menu.Home_Page_Footer_Menu" name="Performance_Marketing_Services_Menu" time="1.019"/>
  <testcase classname="Home_Page_Menu.Home_Page_Footer_Menu" name="School_Management_Software_Menu" time="2.321"/>
  <testcase classname="Home_Page_Menu.Home_Page_Footer_Menu" name="Intelligent_Business_Process_Automation_Software_Menu" time="1.65"/>
</testsuite> <!-- DCI_Site_Functional_Testing -->
