<?xml version="1.0" encoding="UTF-8"?>
<!-- Generated by org.testng.reporters.JUnitXMLReporter -->
<testsuite ignored="0" hostname="DESKTOP-SKRGRIP" failures="0" tests="6" name="DCI_Site_Functional_Testing" time="209.751" errors="0" timestamp="2024-10-16T10:11:44 IST">
  <testcase classname="Home_Page_Menu.Home_Page_Footer_Menu" name="Job_Enquiry_Apply_Here_Menu" time="0.864"/>
  <testcase classname="Home_Page_Menu.Home_Page_Footer_Menu" name="About_Us_Menu" time="2.032"/>
  <testcase classname="Home_Page_Menu.Home_Page_Footer_Menu" name="Careers_Menu" time="75.843"/>
  <testcase classname="Home_Page_Menu.Home_Page_Footer_Menu" name="Become_Our_Representative_Menu" time="1.44"/>
  <testcase classname="Home_Page_Menu.Home_Page_Footer_Menu" name="Privacy_Policy_Menu" time="42.873"/>
  <testcase classname="Home_Page_Menu.Home_Page_Footer_Menu" name="SiteMap_Menu" time="80.461"/>
</testsuite> <!-- DCI_Site_Functional_Testing -->
