<?xml version="1.0" encoding="UTF-8"?>
<!-- Generated by org.testng.reporters.JUnitXMLReporter -->
<testsuite ignored="0" hostname="DESKTOP-SKRGRIP" failures="0" tests="7" name="DCI_Site_Functional_Testing" time="38.136" errors="0" timestamp="2024-10-16T10:07:37 IST">
  <testcase classname="Home_Page_Menu.Social_Media_Icons_Footer" name="Whatsapp_Icon" time="11.848"/>
  <testcase classname="Home_Page_Menu.Social_Media_Icons_Footer" name="Facebook_Icon" time="3.279"/>
  <testcase classname="Home_Page_Menu.Social_Media_Icons_Footer" name="Twitter_Icon" time="1.52"/>
  <testcase classname="Home_Page_Menu.Social_Media_Icons_Footer" name="Pinterest_Icon" time="3.281"/>
  <testcase classname="Home_Page_Menu.Social_Media_Icons_Footer" name="Youtube_Icon" time="3.395"/>
  <testcase classname="Home_Page_Menu.Social_Media_Icons_Footer" name="Instagram_Icon" time="3.472"/>
  <testcase classname="Home_Page_Menu.Social_Media_Icons_Footer" name="Linkedin_Icon" time="2.297"/>
</testsuite> <!-- DCI_Site_Functional_Testing -->
