<?xml version="1.0" encoding="UTF-8"?>
<!-- Generated by org.testng.reporters.JUnitXMLReporter -->
<testsuite ignored="0" hostname="DESKTOP-SKRGRIP" failures="1" tests="7" name="DCI_Site_Functional_Testing" time="67.074" errors="0" timestamp="2025-05-07T10:14:14 IST">
  <testcase classname="Home_Page_Menu.Social_Media_Icons_Footer" name="Whatsapp_Icon" time="10.871"/>
  <testcase classname="Home_Page_Menu.Social_Media_Icons_Footer" name="Facebook_Icon" time="3.55"/>
  <testcase classname="Home_Page_Menu.Social_Media_Icons_Footer" name="Twitter_Icon" time="20.718"/>
  <testcase classname="Home_Page_Menu.Social_Media_Icons_Footer" name="Pinterest_Icon" time="3.453"/>
  <testcase classname="Home_Page_Menu.Social_Media_Icons_Footer" name="Youtube_Icon" time="3.843"/>
  <testcase classname="Home_Page_Menu.Social_Media_Icons_Footer" name="Instagram_Icon" time="4.09">
    <failure type="java.lang.AssertionError" message="expected [Dot Com Infoway (@dotcominfowaydci) • Instagram photos and videos] but found [Login • Instagram]">
      <![CDATA[java.lang.AssertionError: expected [Dot Com Infoway (@dotcominfowaydci) • Instagram photos and videos] but found [Login • Instagram]
at Base_Setup.Base_Code_Configuration.Assert(Base_Code_Configuration.java:316)
at Home_Page_Menu.Social_Media_Icons_Footer.Instagram_Icon(Social_Media_Icons_Footer.java:119)
at java.base/java.util.ArrayList.forEach(ArrayList.java:1596)
... Removed 36 stack frames]]>
    </failure>
  </testcase> <!-- Instagram_Icon -->
  <testcase classname="Home_Page_Menu.Social_Media_Icons_Footer" name="Linkedin_Icon" time="2.646"/>
</testsuite> <!-- DCI_Site_Functional_Testing -->
