<?xml version="1.0" encoding="UTF-8"?>
<!-- Generated by org.testng.reporters.JUnitXMLReporter -->
<testsuite ignored="0" hostname="DESKTOP-SKRGRIP" failures="0" tests="8" name="DCI_Site_Functional_Testing" time="19.684" errors="0" timestamp="2024-10-14T10:03:30 IST">
  <testcase classname="Home_Page_Menu.Header_Menu_Header" name="Logo" time="0.321"/>
  <testcase classname="Home_Page_Menu.Header_Menu_Header" name="Home_Menu" time="0.257"/>
  <testcase classname="Home_Page_Menu.Header_Menu_Header" name="About_Us_Menu" time="1.522"/>
  <testcase classname="Home_Page_Menu.Header_Menu_Header" name="Get_Quote_Menu" time="1.26"/>
  <testcase classname="Home_Page_Menu.Header_Menu_Header" name="Contact_Menu" time="1.297"/>
  <testcase classname="Home_Page_Menu.Header_Menu_Header" name="Portfolio_Menu" time="0.985"/>
  <testcase classname="Home_Page_Menu.Header_Menu_Header" name="Blog_Menu" time="1.377"/>
  <testcase classname="Home_Page_Menu.Header_Menu_Header" name="Contact_Telephone_Icon_Menu" time="5.307"/>
</testsuite> <!-- DCI_Site_Functional_Testing -->
