<?xml version="1.0" encoding="UTF-8"?>
<!-- Generated by org.testng.reporters.JUnitXMLReporter -->
<testsuite ignored="0" hostname="DESKTOP-SKRGRIP" failures="0" tests="5" name="Functionla Test" time="19.623" errors="0" timestamp="2025-01-08T09:49:55 IST">
  <testcase classname="Home_Page_Menu.Services_GIS_ServicesMenu" name="BIM_Services_SubMenu" time="1.881"/>
  <testcase classname="Home_Page_Menu.Services_GIS_ServicesMenu" name="Digital_Photogrammetry_Services_SubMenu" time="0.88"/>
  <testcase classname="Home_Page_Menu.Services_GIS_ServicesMenu" name="LiDAR_Services_SubMenu" time="3.32"/>
  <testcase classname="Home_Page_Menu.Services_GIS_ServicesMenu" name="Mobile_LiDAR_SubMenu" time="1.702"/>
  <testcase classname="Home_Page_Menu.Services_GIS_ServicesMenu" name="Orthophoto_Process_SubMenu" time="1.199"/>
</testsuite> <!-- Functionla Test -->
