<?xml version="1.0" encoding="UTF-8"?>
<!-- Generated by org.testng.reporters.JUnitXMLReporter -->
<testsuite ignored="0" hostname="DESKTOP-SKRGRIP" failures="0" tests="10" name="DCI_Site_Functional_Testing" time="20.085" errors="0" timestamp="2024-10-17T10:06:22 IST">
  <testcase classname="Home_Page_Menu.Header_Services_Submenu" name="Mobile_App_Development_SubMenu" time="1.124"/>
  <testcase classname="Home_Page_Menu.Header_Services_Submenu" name="Digital_Marketing_SubMenu" time="1.061"/>
  <testcase classname="Home_Page_Menu.Header_Services_Submenu" name="Mobile_App_Marketing_Agency_SubMenu" time="1.037"/>
  <testcase classname="Home_Page_Menu.Header_Services_Submenu" name="Hire_Our_Dedicated_Developers_SubMenu" time="0.869"/>
  <testcase classname="Home_Page_Menu.Header_Services_Submenu" name="Web_Design_And_Development_SubMenu" time="0.126"/>
  <testcase classname="Home_Page_Menu.Header_Services_Submenu" name="Business_Consulting_Services_SubMenu" time="0.689"/>
  <testcase classname="Home_Page_Menu.Header_Services_Submenu" name="AI_Services_SubMenu" time="0.657"/>
  <testcase classname="Home_Page_Menu.Header_Services_Submenu" name="Wallet_Integration_Service_SubMenu" time="0.935"/>
  <testcase classname="Home_Page_Menu.Header_Services_Submenu" name="Blockchain_Development_SubMenu" time="1.536"/>
  <testcase classname="Home_Page_Menu.Header_Services_Submenu" name="Managed_Services_SubMenu" time="0.652"/>
</testsuite> <!-- DCI_Site_Functional_Testing -->
