<?xml version="1.0" encoding="UTF-8"?>
<!-- Generated by org.testng.reporters.JUnitXMLReporter -->
<testsuite ignored="0" hostname="DESKTOP-SKRGRIP" failures="0" tests="12" name="Functional_Test" time="231.436" errors="0" timestamp="2024-10-24T11:29:27 IST">
  <testcase classname="Home_Page_Menu.Services_MobileAppMarketingAgency_Menu" name="App_Store_Optimization_Services_SubMenu" time="23.767"/>
  <testcase classname="Home_Page_Menu.Services_MobileAppMarketingAgency_Menu" name="Localization_SubMenu" time="23.429"/>
  <testcase classname="Home_Page_Menu.Services_MobileAppMarketingAgency_Menu" name="User_Engagement_SubMenu" time="2.265"/>
  <testcase classname="Home_Page_Menu.Services_MobileAppMarketingAgency_Menu" name="Android_Apps_Marketing_SubMenu" time="19.976"/>
  <testcase classname="Home_Page_Menu.Services_MobileAppMarketingAgency_Menu" name="iPhone_Apps_Marketing_SubMenu" time="2.316"/>
  <testcase classname="Home_Page_Menu.Services_MobileAppMarketingAgency_Menu" name="Free_Consulations_Service_SubMenu" time="2.418"/>
  <testcase classname="Home_Page_Menu.Services_MobileAppMarketingAgency_Menu" name="Mobile_App_Ads_Campaign_Management_SubMenu" time="2.544"/>
  <testcase classname="Home_Page_Menu.Services_MobileAppMarketingAgency_Menu" name="Mobile_Games_Marketing_SubMenu" time="5.013"/>
  <testcase classname="Home_Page_Menu.Services_MobileAppMarketingAgency_Menu" name="Mobile_Pre_Launch_Activities_SubMenu" time="2.692"/>
  <testcase classname="Home_Page_Menu.Services_MobileAppMarketingAgency_Menu" name="Mobile_App_Market_Research_SubMenu" time="2.169"/>
  <testcase classname="Home_Page_Menu.Services_MobileAppMarketingAgency_Menu" name="Mobile_App_Growth_Marketing_SubMenu" time="2.193"/>
  <testcase classname="Home_Page_Menu.Services_MobileAppMarketingAgency_Menu" name="Mobile_App_Prototype_SubMenu" time="2.54"/>
</testsuite> <!-- Functional_Test -->
